<?xml version="1.0" encoding="UTF-8"?>
<!-- Generated by org.testng.reporters.JUnitXMLReporter -->
<testsuite ignored="0" hostname="AIPLLAP423" failures="1" tests="34" name="Check Add To Cart Items" time="986.52" errors="0" timestamp="2024-06-10T16:33:35 IST">
  <testcase classname="ecom.testcases.AddtoCartPageTest" name="@BeforeMethod setup" time="188.402">
    <failure type="org.openqa.selenium.TimeoutException" message="java.util.concurrent.TimeoutException
Build info: version: &amp;apos;4.15.0&amp;apos;, revision: &amp;apos;1d14b5521b&amp;apos;
System info: os.name: &amp;apos;Windows 10&amp;apos;, os.arch: &amp;apos;amd64&amp;apos;, os.version: &amp;apos;10.0&amp;apos;, java.version: &amp;apos;17.0.3&amp;apos;
Driver info: org.openqa.selenium.chrome.ChromeDriver
Command: [94c14d1ad7f7d0c407debe5c1a000df0, clickElement {id=f.A08BE4F4D2116AB6A6CC78FAC1E1262C.d.596365F81C469EE10E79A249E0CBA32D.e.16}]
Capabilities {acceptInsecureCerts: false, browserName: chrome, browserVersion: 125.0.6422.142, chrome: {chromedriverVersion: 124.0.6367.91 (51df0e5e17a8..., userDataDir: C:\Users\BHAUMI~1.GOH\AppDa...}, fedcm:accounts: true, goog:chromeOptions: {debuggerAddress: localhost:51389}, networkConnectionEnabled: false, pageLoadStrategy: normal, platformName: windows, proxy: Proxy(), se:cdp: ws://localhost:51389/devtoo..., se:cdpVersion: 125.0.6422.142, setWindowRect: true, strictFileInteractability: false, timeouts: {implicit: 0, pageLoad: 300000, script: 30000}, unhandledPromptBehavior: dismiss and notify, webauthn:extension:credBlob: true, webauthn:extension:largeBlob: true, webauthn:extension:minPinLength: true, webauthn:extension:prf: true, webauthn:virtualAuthenticators: true}
Element: [[ChromeDriver: chrome on windows (94c14d1ad7f7d0c407debe5c1a000df0)] -&amp;gt; xpath: //a[contains(text(),&amp;apos;HomeGalore Premium Document Organizer Bag&amp;apos;)]]
Session ID: 94c14d1ad7f7d0c407debe5c1a000df0">
      <![CDATA[org.openqa.selenium.TimeoutException: java.util.concurrent.TimeoutException
Build info: version: '4.15.0', revision: '1d14b5521b'
System info: os.name: 'Windows 10', os.arch: 'amd64', os.version: '10.0', java.version: '17.0.3'
Driver info: org.openqa.selenium.chrome.ChromeDriver
Command: [94c14d1ad7f7d0c407debe5c1a000df0, clickElement {id=f.A08BE4F4D2116AB6A6CC78FAC1E1262C.d.596365F81C469EE10E79A249E0CBA32D.e.16}]
Capabilities {acceptInsecureCerts: false, browserName: chrome, browserVersion: 125.0.6422.142, chrome: {chromedriverVersion: 124.0.6367.91 (51df0e5e17a8..., userDataDir: C:\Users\BHAUMI~1.GOH\AppDa...}, fedcm:accounts: true, goog:chromeOptions: {debuggerAddress: localhost:51389}, networkConnectionEnabled: false, pageLoadStrategy: normal, platformName: windows, proxy: Proxy(), se:cdp: ws://localhost:51389/devtoo..., se:cdpVersion: 125.0.6422.142, setWindowRect: true, strictFileInteractability: false, timeouts: {implicit: 0, pageLoad: 300000, script: 30000}, unhandledPromptBehavior: dismiss and notify, webauthn:extension:credBlob: true, webauthn:extension:largeBlob: true, webauthn:extension:minPinLength: true, webauthn:extension:prf: true, webauthn:virtualAuthenticators: true}
Element: [[ChromeDriver: chrome on windows (94c14d1ad7f7d0c407debe5c1a000df0)] -> xpath: //a[contains(text(),'HomeGalore Premium Document Organizer Bag')]]
Session ID: 94c14d1ad7f7d0c407debe5c1a000df0
at org.openqa.selenium.remote.http.jdk.JdkHttpClient.execute0(JdkHttpClient.java:410)
at org.openqa.selenium.remote.http.AddSeleniumUserAgent.lambda$apply$0(AddSeleniumUserAgent.java:42)
at org.openqa.selenium.remote.http.Filter.lambda$andFinally$1(Filter.java:55)
at org.openqa.selenium.remote.http.jdk.JdkHttpClient.execute(JdkHttpClient.java:366)
at org.openqa.selenium.remote.HttpCommandExecutor.execute(HttpCommandExecutor.java:188)
at org.openqa.selenium.remote.service.DriverCommandExecutor.invokeExecute(DriverCommandExecutor.java:200)
at org.openqa.selenium.remote.service.DriverCommandExecutor.execute(DriverCommandExecutor.java:175)
at org.openqa.selenium.remote.RemoteWebDriver.execute(RemoteWebDriver.java:607)
at org.openqa.selenium.remote.RemoteWebElement.execute(RemoteWebElement.java:224)
at org.openqa.selenium.remote.RemoteWebElement.click(RemoteWebElement.java:77)
at org.openqa.selenium.support.pagefactory.internal.LocatingElementHandler.invoke(LocatingElementHandler.java:51)
at jdk.proxy2/jdk.proxy2.$Proxy14.click(Unknown Source)
at com.pages.HomePage.Click_On_Product(HomePage.java:94)
at ecom.testcases.AddtoCartPageTest.setup(AddtoCartPageTest.java:32)
at java.base/java.util.ArrayList.forEach(ArrayList.java:1511)
Caused by: java.util.concurrent.TimeoutException
at java.base/java.util.concurrent.CompletableFuture.timedGet(CompletableFuture.java:1960)
at java.base/java.util.concurrent.CompletableFuture.get(CompletableFuture.java:2095)
at org.openqa.selenium.remote.http.jdk.JdkHttpClient.execute0(JdkHttpClient.java:393)
... 48 more
... Removed 34 stack frames]]>
    </failure>
  </testcase> <!-- @BeforeMethod setup -->
  <testcase classname="ecom.testcases.AddtoCartPageTest" name="@AfterMethod Terminate" time="-1.718017043586E9">
    <skipped/>
  </testcase> <!-- @AfterMethod Terminate -->
  <testcase classname="ecom.testcases.AddtoCartPageTest" name="@BeforeMethod setup" time="-1.718017043588E9">
    <skipped/>
  </testcase> <!-- @BeforeMethod setup -->
  <testcase classname="ecom.testcases.AddtoCartPageTest" name="@AfterMethod Terminate" time="-1.7180170436E9">
    <skipped/>
  </testcase> <!-- @AfterMethod Terminate -->
  <testcase classname="ecom.testcases.AddtoCartPageTest" name="@BeforeMethod setup" time="-1.718017043602E9">
    <skipped/>
  </testcase> <!-- @BeforeMethod setup -->
  <testcase classname="ecom.testcases.AddtoCartPageTest" name="@AfterMethod Terminate" time="-1.718017043613E9">
    <skipped/>
  </testcase> <!-- @AfterMethod Terminate -->
  <testcase classname="ecom.testcases.SearchPageTest" name="@BeforeMethod setup" time="150.756">
    <failure type="org.openqa.selenium.NoSuchWindowException" message="no such window: target window already closed
from unknown error: web view not found
  (Session info: chrome=125.0.6422.142)
Build info: version: &amp;apos;4.15.0&amp;apos;, revision: &amp;apos;1d14b5521b&amp;apos;
System info: os.name: &amp;apos;Windows 10&amp;apos;, os.arch: &amp;apos;amd64&amp;apos;, os.version: &amp;apos;10.0&amp;apos;, java.version: &amp;apos;17.0.3&amp;apos;
Driver info: org.openqa.selenium.chrome.ChromeDriver
Command: [e3aa22f78b57bc94987cce0b33679d81, findElement {using=xpath, value=//img[@class=&amp;apos;lazyload desktop-img&amp;apos;]}]
Capabilities {acceptInsecureCerts: false, browserName: chrome, browserVersion: 125.0.6422.142, chrome: {chromedriverVersion: 124.0.6367.91 (51df0e5e17a8..., userDataDir: C:\Users\BHAUMI~1.GOH\AppDa...}, fedcm:accounts: true, goog:chromeOptions: {debuggerAddress: localhost:52057}, networkConnectionEnabled: false, pageLoadStrategy: normal, platformName: windows, proxy: Proxy(), se:cdp: ws://localhost:52057/devtoo..., se:cdpVersion: 125.0.6422.142, setWindowRect: true, strictFileInteractability: false, timeouts: {implicit: 0, pageLoad: 300000, script: 30000}, unhandledPromptBehavior: dismiss and notify, webauthn:extension:credBlob: true, webauthn:extension:largeBlob: true, webauthn:extension:minPinLength: true, webauthn:extension:prf: true, webauthn:virtualAuthenticators: true}
Session ID: e3aa22f78b57bc94987cce0b33679d81">
      <![CDATA[org.openqa.selenium.NoSuchWindowException: no such window: target window already closed
from unknown error: web view not found
  (Session info: chrome=125.0.6422.142)
Build info: version: '4.15.0', revision: '1d14b5521b'
System info: os.name: 'Windows 10', os.arch: 'amd64', os.version: '10.0', java.version: '17.0.3'
Driver info: org.openqa.selenium.chrome.ChromeDriver
Command: [e3aa22f78b57bc94987cce0b33679d81, findElement {using=xpath, value=//img[@class='lazyload desktop-img']}]
Capabilities {acceptInsecureCerts: false, browserName: chrome, browserVersion: 125.0.6422.142, chrome: {chromedriverVersion: 124.0.6367.91 (51df0e5e17a8..., userDataDir: C:\Users\BHAUMI~1.GOH\AppDa...}, fedcm:accounts: true, goog:chromeOptions: {debuggerAddress: localhost:52057}, networkConnectionEnabled: false, pageLoadStrategy: normal, platformName: windows, proxy: Proxy(), se:cdp: ws://localhost:52057/devtoo..., se:cdpVersion: 125.0.6422.142, setWindowRect: true, strictFileInteractability: false, timeouts: {implicit: 0, pageLoad: 300000, script: 30000}, unhandledPromptBehavior: dismiss and notify, webauthn:extension:credBlob: true, webauthn:extension:largeBlob: true, webauthn:extension:minPinLength: true, webauthn:extension:prf: true, webauthn:virtualAuthenticators: true}
Session ID: e3aa22f78b57bc94987cce0b33679d81
at org.openqa.selenium.remote.codec.w3c.W3CHttpResponseCodec.createException(W3CHttpResponseCodec.java:200)
at org.openqa.selenium.remote.codec.w3c.W3CHttpResponseCodec.decode(W3CHttpResponseCodec.java:133)
at org.openqa.selenium.remote.codec.w3c.W3CHttpResponseCodec.decode(W3CHttpResponseCodec.java:52)
at org.openqa.selenium.remote.HttpCommandExecutor.execute(HttpCommandExecutor.java:191)
at org.openqa.selenium.remote.service.DriverCommandExecutor.invokeExecute(DriverCommandExecutor.java:200)
at org.openqa.selenium.remote.service.DriverCommandExecutor.execute(DriverCommandExecutor.java:175)
at org.openqa.selenium.remote.RemoteWebDriver.execute(RemoteWebDriver.java:607)
at org.openqa.selenium.remote.ElementLocation$ElementFinder$2.findElement(ElementLocation.java:165)
at org.openqa.selenium.remote.ElementLocation.findElement(ElementLocation.java:59)
at org.openqa.selenium.remote.RemoteWebDriver.findElement(RemoteWebDriver.java:364)
at org.openqa.selenium.remote.RemoteWebDriver.findElement(RemoteWebDriver.java:358)
at ecom.TestBase.initilization(TestBase.java:65)
at ecom.testcases.SearchPageTest.setup(SearchPageTest.java:26)
at java.base/java.util.ArrayList.forEach(ArrayList.java:1511)
... Removed 36 stack frames]]>
    </failure>
  </testcase> <!-- @BeforeMethod setup -->
  <testcase classname="ecom.testcases.SearchPageTest" name="@AfterMethod Terminate" time="-1.718017415678E9">
    <skipped/>
  </testcase> <!-- @AfterMethod Terminate -->
  <testcase classname="ecom.testcases.SearchPageTest" name="@BeforeMethod setup" time="-1.718017415681E9">
    <skipped/>
  </testcase> <!-- @BeforeMethod setup -->
  <testcase classname="ecom.testcases.SearchPageTest" name="@AfterMethod Terminate" time="-1.718017415689E9">
    <skipped/>
  </testcase> <!-- @AfterMethod Terminate -->
  <testcase classname="ecom.testcases.HomePageTest" name="Verify_Page_Home_Page_Title_Test" time="0.033"/>
  <testcase classname="ecom.testcases.HomePageTest" name="Verify_Home_Page_Logo_Test" time="0.088"/>
  <testcase classname="ecom.testcases.HomePageTest" name="Verify_Search_box_Test" time="0.057"/>
  <testcase classname="ecom.testcases.HomePageTest" name="Verify_Cart_Test" time="0.067"/>
  <testcase classname="ecom.testcases.HomePageTest" name="Verify_Navigation_Menu_Test" time="0.067"/>
  <testcase classname="ecom.testcases.HomePageTest" name="Verify_Home_Page_Image_Test" time="0.105"/>
  <testcase classname="ecom.testcases.HomePageTest" name="Validate_Search_Functionality" time="26.228"/>
  <testcase classname="ecom.testcases.HomePageTest" name="Verify_Product" time="19.414"/>
  <testcase classname="ecom.testcases.HomePageTest" name="Verify_Footer_Section_Test" time="0.082"/>
  <testcase classname="ecom.testcases.ProductDetailsPageTest" name="Verify_Page_Title_Test" time="0.018"/>
  <testcase classname="ecom.testcases.ProductDetailsPageTest" name="Verify_Page_Logo_Test" time="0.092"/>
  <testcase classname="ecom.testcases.ProductDetailsPageTest" name="Verify_Searchbox_Test" time="0.087"/>
  <testcase classname="ecom.testcases.ProductDetailsPageTest" name="Verify_Cart_Test" time="0.071"/>
  <testcase classname="ecom.testcases.ProductDetailsPageTest" name="Verify_Navigation_Menu_Test" time="0.1"/>
  <testcase classname="ecom.testcases.ProductDetailsPageTest" name="Verify_Add_to_Cart_Functionality_Test" time="3.908"/>
  <testcase classname="ecom.testcases.AddtoCartPageTest" name="Verify_Page_Title_Test" time="0.019"/>
  <testcase classname="ecom.testcases.AddtoCartPageTest" name="Verify_Page_Logo_Test" time="0.067"/>
  <testcase classname="ecom.testcases.AddtoCartPageTest" name="Verify_Searchbox_Test" time="0.091"/>
  <testcase classname="ecom.testcases.AddtoCartPageTest" name="Verify_CartPage_Text_Test" time="0.172"/>
  <testcase classname="ecom.testcases.AddtoCartPageTest" name="Verify_Navigation_Menu_Test" time="0.059"/>
  <testcase classname="ecom.testcases.AddtoCartPageTest" name="Verify_Cart_Qty_Increase_Test" time="0.0">
    <skipped/>
  </testcase> <!-- Verify_Cart_Qty_Increase_Test -->
  <testcase classname="ecom.testcases.AddtoCartPageTest" name="Verify_Cart_Decrease_Qty_Test" time="0.0">
    <skipped/>
  </testcase> <!-- Verify_Cart_Decrease_Qty_Test -->
  <testcase classname="ecom.testcases.AddtoCartPageTest" name="Click_on_Checkout_button_Test" time="0.0">
    <skipped/>
  </testcase> <!-- Click_on_Checkout_button_Test -->
  <testcase classname="ecom.testcases.CartPageTest" name="Verify_Empty_Cart_Heading_Test" time="0.115"/>
  <testcase classname="ecom.testcases.CartPageTest" name="Verify_Empty_Cart_Items_Test" time="2.033"/>
  <testcase classname="ecom.testcases.CheckOutPageTest" name="Check_Check_Out_Page_Title_Test" time="0.019"/>
  <testcase classname="ecom.testcases.CheckOutPageTest" name="CheckOutRequiredFieldValidationTest" time="12.739"/>
  <testcase classname="ecom.testcases.CheckOutPageTest" name="VerifyCheckOutFunctionalitywithNagativeValueTest" time="13.865"/>
  <testcase classname="ecom.testcases.CheckOutPageTest" name="VerifyCheckOutFunctionalitywithNagativeValueTest" time="13.489">
    <failure type="org.openqa.selenium.NoSuchElementException" message="no such element: Unable to locate element: {&amp;quot;method&amp;quot;:&amp;quot;xpath&amp;quot;,&amp;quot;selector&amp;quot;:&amp;quot;//p[@id=&amp;apos;error-for-TextField5&amp;apos;]&amp;quot;}
  (Session info: chrome=125.0.6422.142)
For documentation on this error, please visit: https://www.selenium.dev/documentation/webdriver/troubleshooting/errors#no-such-element-exception
Build info: version: &amp;apos;4.15.0&amp;apos;, revision: &amp;apos;1d14b5521b&amp;apos;
System info: os.name: &amp;apos;Windows 10&amp;apos;, os.arch: &amp;apos;amd64&amp;apos;, os.version: &amp;apos;10.0&amp;apos;, java.version: &amp;apos;17.0.3&amp;apos;
Driver info: org.openqa.selenium.chrome.ChromeDriver
Command: [a544aadaf411312bcd6a6bd64cba522a, findElement {using=xpath, value=//p[@id=&amp;apos;error-for-TextField5&amp;apos;]}]
Capabilities {acceptInsecureCerts: false, browserName: chrome, browserVersion: 125.0.6422.142, chrome: {chromedriverVersion: 124.0.6367.91 (51df0e5e17a8..., userDataDir: C:\Users\BHAUMI~1.GOH\AppDa...}, fedcm:accounts: true, goog:chromeOptions: {debuggerAddress: localhost:51809}, networkConnectionEnabled: false, pageLoadStrategy: normal, platformName: windows, proxy: Proxy(), se:cdp: ws://localhost:51809/devtoo..., se:cdpVersion: 125.0.6422.142, setWindowRect: true, strictFileInteractability: false, timeouts: {implicit: 0, pageLoad: 300000, script: 30000}, unhandledPromptBehavior: dismiss and notify, webauthn:extension:credBlob: true, webauthn:extension:largeBlob: true, webauthn:extension:minPinLength: true, webauthn:extension:prf: true, webauthn:virtualAuthenticators: true}
Session ID: a544aadaf411312bcd6a6bd64cba522a">
      <![CDATA[org.openqa.selenium.NoSuchElementException: no such element: Unable to locate element: {"method":"xpath","selector":"//p[@id='error-for-TextField5']"}
  (Session info: chrome=125.0.6422.142)
For documentation on this error, please visit: https://www.selenium.dev/documentation/webdriver/troubleshooting/errors#no-such-element-exception
Build info: version: '4.15.0', revision: '1d14b5521b'
System info: os.name: 'Windows 10', os.arch: 'amd64', os.version: '10.0', java.version: '17.0.3'
Driver info: org.openqa.selenium.chrome.ChromeDriver
Command: [a544aadaf411312bcd6a6bd64cba522a, findElement {using=xpath, value=//p[@id='error-for-TextField5']}]
Capabilities {acceptInsecureCerts: false, browserName: chrome, browserVersion: 125.0.6422.142, chrome: {chromedriverVersion: 124.0.6367.91 (51df0e5e17a8..., userDataDir: C:\Users\BHAUMI~1.GOH\AppDa...}, fedcm:accounts: true, goog:chromeOptions: {debuggerAddress: localhost:51809}, networkConnectionEnabled: false, pageLoadStrategy: normal, platformName: windows, proxy: Proxy(), se:cdp: ws://localhost:51809/devtoo..., se:cdpVersion: 125.0.6422.142, setWindowRect: true, strictFileInteractability: false, timeouts: {implicit: 0, pageLoad: 300000, script: 30000}, unhandledPromptBehavior: dismiss and notify, webauthn:extension:credBlob: true, webauthn:extension:largeBlob: true, webauthn:extension:minPinLength: true, webauthn:extension:prf: true, webauthn:virtualAuthenticators: true}
Session ID: a544aadaf411312bcd6a6bd64cba522a
at org.openqa.selenium.remote.codec.w3c.W3CHttpResponseCodec.createException(W3CHttpResponseCodec.java:200)
at org.openqa.selenium.remote.codec.w3c.W3CHttpResponseCodec.decode(W3CHttpResponseCodec.java:133)
at org.openqa.selenium.remote.codec.w3c.W3CHttpResponseCodec.decode(W3CHttpResponseCodec.java:52)
at org.openqa.selenium.remote.HttpCommandExecutor.execute(HttpCommandExecutor.java:191)
at org.openqa.selenium.remote.service.DriverCommandExecutor.invokeExecute(DriverCommandExecutor.java:200)
at org.openqa.selenium.remote.service.DriverCommandExecutor.execute(DriverCommandExecutor.java:175)
at org.openqa.selenium.remote.RemoteWebDriver.execute(RemoteWebDriver.java:607)
at org.openqa.selenium.remote.ElementLocation$ElementFinder$2.findElement(ElementLocation.java:165)
at org.openqa.selenium.remote.ElementLocation.findElement(ElementLocation.java:59)
at org.openqa.selenium.remote.RemoteWebDriver.findElement(RemoteWebDriver.java:364)
at org.openqa.selenium.remote.RemoteWebDriver.findElement(RemoteWebDriver.java:358)
at org.openqa.selenium.support.pagefactory.DefaultElementLocator.findElement(DefaultElementLocator.java:68)
at org.openqa.selenium.support.pagefactory.internal.LocatingElementHandler.invoke(LocatingElementHandler.java:38)
at jdk.proxy2/jdk.proxy2.$Proxy14.getText(Unknown Source)
at com.pages.CheckoutPage.CheckFieldsValidationsMessagesWithNagativeValue(CheckoutPage.java:134)
at ecom.testcases.CheckOutPageTest.VerifyCheckOutFunctionalitywithNagativeValueTest(CheckOutPageTest.java:69)
at java.base/java.util.ArrayList.forEach(ArrayList.java:1511)
... Removed 32 stack frames]]>
    </failure>
  </testcase> <!-- VerifyCheckOutFunctionalitywithNagativeValueTest -->
  <testcase classname="ecom.testcases.CheckOutPageTest" name="VerifyCheckOutFunctionalitywithNagativeValueTest" time="13.267"/>
  <testcase classname="ecom.testcases.SearchPageTest" name="Verify_Page_Title_Test" time="0.017"/>
  <testcase classname="ecom.testcases.SearchPageTest" name="Verify_Logo_Test" time="0.079"/>
  <testcase classname="ecom.testcases.SearchPageTest" name="Verify_Product_On_Search_Page_Test" time="0.0">
    <skipped/>
  </testcase> <!-- Verify_Product_On_Search_Page_Test -->
  <testcase classname="ecom.testcases.SearchPageTest" name="Verify_Invali_Search_Functionality_Test" time="0.0">
    <skipped/>
  </testcase> <!-- Verify_Invali_Search_Functionality_Test -->
</testsuite> <!-- Check Add To Cart Items -->
