<!DOCTYPE html PUBLIC "-//W3C//DTD XHTML 1.1//EN" "https://www.w3.org/TR/xhtml11/DTD/xhtml11.dtd">
<html xmlns="https://www.w3.org/1999/xhtml">
<head>
<meta http-equiv="content-type" content="text/html; charset=UTF-8"/>
<title>TestNG Report</title>
<style type="text/css">table {margin-bottom:10px;border-collapse:collapse;empty-cells:show}th,td {border:1px solid #009;padding:.25em .5em}th {vertical-align:bottom}td {vertical-align:top}table a {font-weight:bold}.stripe td {background-color: #E6EBF9}.num {text-align:right}.passedodd td {background-color: #3F3}.passedeven td {background-color: #0A0}.skippedodd td {background-color: #DDD}.skippedeven td {background-color: #CCC}.failedodd td,.attn {background-color: #F33}.failedeven td,.stripe .attn {background-color: #D00}.stacktrace {white-space:pre;font-family:monospace}.totop {font-size:85%;text-align:center;border-bottom:2px solid #000}.invisible {display:none}</style>
</head>
<body>
<table>
<tr><th>Test</th><th># Passed</th><th># Skipped</th><th># Retried</th><th># Failed</th><th>Time (ms)</th><th>Included Groups</th><th>Excluded Groups</th></tr>
<tr><th colspan="8">Add To Cart Items</th></tr>
<tr><td><a href="#t0">Check Add To Cart Items</a></td><td class="num">28</td><td class="num attn">5</td><td class="num">0</td><td class="num attn">1</td><td class="num">986,520</td><td></td><td></td></tr>
</table>
<table id='summary'><thead><tr><th>Class</th><th>Method</th><th>Start</th><th>Time (ms)</th></tr></thead><tbody><tr><th colspan="4">Add To Cart Items</th></tr></tbody><tbody id="t0"><tr><th colspan="4">Check Add To Cart Items &#8212; failed (configuration methods)</th></tr><tr class="failedeven"><td rowspan="1">ecom.testcases.AddtoCartPageTest</td><td><a href="#m0">setup</a></td><td rowspan="1">1718016855165</td><td rowspan="1">188402</td></tr><tr class="failedodd"><td rowspan="1">ecom.testcases.SearchPageTest</td><td><a href="#m1">setup</a></td><td rowspan="1">1718017264908</td><td rowspan="1">150756</td></tr><tr><th colspan="4">Check Add To Cart Items &#8212; failed</th></tr><tr class="failedeven"><td rowspan="1">ecom.testcases.CheckOutPageTest</td><td><a href="#m2">VerifyCheckOutFunctionalitywithNagativeValueTest</a></td><td rowspan="1">1718017206144</td><td rowspan="1">13489</td></tr><tr><th colspan="4">Check Add To Cart Items &#8212; skipped (configuration methods)</th></tr><tr class="skippedeven"><td rowspan="5">ecom.testcases.AddtoCartPageTest</td><td><a href="#m3">Terminate</a></td><td rowspan="3">1718017043600</td><td rowspan="3">-1718017043600</td></tr><tr class="skippedeven"><td><a href="#m4">Terminate</a></td></tr><tr class="skippedeven"><td><a href="#m5">Terminate</a></td></tr><tr class="skippedeven"><td><a href="#m6">setup</a></td><td rowspan="2">1718017043588</td><td rowspan="2">-1718017043588</td></tr><tr class="skippedeven"><td><a href="#m7">setup</a></td></tr><tr class="skippedodd"><td rowspan="3">ecom.testcases.SearchPageTest</td><td><a href="#m8">Terminate</a></td><td rowspan="2">1718017415689</td><td rowspan="2">-1718017415689</td></tr><tr class="skippedodd"><td><a href="#m9">Terminate</a></td></tr><tr class="skippedodd"><td><a href="#m10">setup</a></td><td rowspan="1">1718017415681</td><td rowspan="1">-1718017415681</td></tr><tr><th colspan="4">Check Add To Cart Items &#8212; skipped</th></tr><tr class="skippedeven"><td rowspan="3">ecom.testcases.AddtoCartPageTest</td><td><a href="#m11">Click_on_Checkout_button_Test</a></td><td rowspan="1">1718017043603</td><td rowspan="1">0</td></tr><tr class="skippedeven"><td><a href="#m12">Verify_Cart_Decrease_Qty_Test</a></td><td rowspan="1">1718017043590</td><td rowspan="1">0</td></tr><tr class="skippedeven"><td><a href="#m13">Verify_Cart_Qty_Increase_Test</a></td><td rowspan="1">1718017043576</td><td rowspan="1">0</td></tr><tr class="skippedodd"><td rowspan="2">ecom.testcases.SearchPageTest</td><td><a href="#m14">Verify_Invali_Search_Functionality_Test</a></td><td rowspan="1">1718017415682</td><td rowspan="1">0</td></tr><tr class="skippedodd"><td><a href="#m15">Verify_Product_On_Search_Page_Test</a></td><td rowspan="1">1718017415667</td><td rowspan="1">0</td></tr><tr><th colspan="4">Check Add To Cart Items &#8212; passed</th></tr><tr class="passedeven"><td rowspan="5">ecom.testcases.AddtoCartPageTest</td><td><a href="#m16">Verify_CartPage_Text_Test</a></td><td rowspan="1">1718016838750</td><td rowspan="1">172</td></tr><tr class="passedeven"><td><a href="#m17">Verify_Navigation_Menu_Test</a></td><td rowspan="1">1718016854503</td><td rowspan="1">59</td></tr><tr class="passedeven"><td><a href="#m18">Verify_Page_Logo_Test</a></td><td rowspan="1">1718016784028</td><td rowspan="1">67</td></tr><tr class="passedeven"><td><a href="#m19">Verify_Page_Title_Test</a></td><td rowspan="1">1718016760557</td><td rowspan="1">19</td></tr><tr class="passedeven"><td><a href="#m20">Verify_Searchbox_Test</a></td><td rowspan="1">1718016799697</td><td rowspan="1">91</td></tr><tr class="passedodd"><td rowspan="2">ecom.testcases.CartPageTest</td><td><a href="#m21">Verify_Empty_Cart_Heading_Test</a></td><td rowspan="1">1718017070821</td><td rowspan="1">115</td></tr><tr class="passedodd"><td><a href="#m22">Verify_Empty_Cart_Items_Test</a></td><td rowspan="1">1718017087084</td><td rowspan="1">2033</td></tr><tr class="passedeven"><td rowspan="4">ecom.testcases.CheckOutPageTest</td><td><a href="#m23">CheckOutRequiredFieldValidationTest</a></td><td rowspan="1">1718017143256</td><td rowspan="1">12739</td></tr><tr class="passedeven"><td><a href="#m24">Check_Check_Out_Page_Title_Test</a></td><td rowspan="1">1718017126394</td><td rowspan="1">19</td></tr><tr class="passedeven"><td><a href="#m25">VerifyCheckOutFunctionalitywithNagativeValueTest</a></td><td rowspan="2">1718017232254</td><td rowspan="2">13267</td></tr><tr class="passedeven"><td><a href="#m26">VerifyCheckOutFunctionalitywithNagativeValueTest</a></td></tr><tr class="passedodd"><td rowspan="9">ecom.testcases.HomePageTest</td><td><a href="#m27">Validate_Search_Functionality</a></td><td rowspan="1">1718016519863</td><td rowspan="1">26228</td></tr><tr class="passedodd"><td><a href="#m28">Verify_Cart_Test</a></td><td rowspan="1">1718016463121</td><td rowspan="1">67</td></tr><tr class="passedodd"><td><a href="#m29">Verify_Footer_Section_Test</a></td><td rowspan="1">1718016611037</td><td rowspan="1">82</td></tr><tr class="passedodd"><td><a href="#m30">Verify_Home_Page_Image_Test</a></td><td rowspan="1">1718016479122</td><td rowspan="1">105</td></tr><tr class="passedodd"><td><a href="#m31">Verify_Home_Page_Logo_Test</a></td><td rowspan="1">1718016448258</td><td rowspan="1">88</td></tr><tr class="passedodd"><td><a href="#m32">Verify_Navigation_Menu_Test</a></td><td rowspan="1">1718016471747</td><td rowspan="1">67</td></tr><tr class="passedodd"><td><a href="#m33">Verify_Page_Home_Page_Title_Test</a></td><td rowspan="1">1718016439978</td><td rowspan="1">33</td></tr><tr class="passedodd"><td><a href="#m34">Verify_Product</a></td><td rowspan="1">1718016573446</td><td rowspan="1">19414</td></tr><tr class="passedodd"><td><a href="#m35">Verify_Search_box_Test</a></td><td rowspan="1">1718016456119</td><td rowspan="1">57</td></tr><tr class="passedeven"><td rowspan="6">ecom.testcases.ProductDetailsPageTest</td><td><a href="#m36">Verify_Add_to_Cart_Functionality_Test</a></td><td rowspan="1">1718016739137</td><td rowspan="1">3908</td></tr><tr class="passedeven"><td><a href="#m37">Verify_Cart_Test</a></td><td rowspan="1">1718016708585</td><td rowspan="1">71</td></tr><tr class="passedeven"><td><a href="#m38">Verify_Navigation_Menu_Test</a></td><td rowspan="1">1718016724676</td><td rowspan="1">100</td></tr><tr class="passedeven"><td><a href="#m39">Verify_Page_Logo_Test</a></td><td rowspan="1">1718016668485</td><td rowspan="1">92</td></tr><tr class="passedeven"><td><a href="#m40">Verify_Page_Title_Test</a></td><td rowspan="1">1718016626103</td><td rowspan="1">18</td></tr><tr class="passedeven"><td><a href="#m41">Verify_Searchbox_Test</a></td><td rowspan="1">1718016692801</td><td rowspan="1">87</td></tr><tr class="passedodd"><td rowspan="2">ecom.testcases.SearchPageTest</td><td><a href="#m42">Verify_Logo_Test</a></td><td rowspan="1">1718017264230</td><td rowspan="1">79</td></tr><tr class="passedodd"><td><a href="#m43">Verify_Page_Title_Test</a></td><td rowspan="1">1718017255510</td><td rowspan="1">17</td></tr></tbody>
</table>
<h2>Check Add To Cart Items</h2><h3 id="m0">ecom.testcases.AddtoCartPageTest#setup</h3><table class="result"><tr><th>Exception</th></tr><tr><td><div class="stacktrace">org.openqa.selenium.TimeoutException: java.util.concurrent.TimeoutException
Build info: version: &apos;4.15.0&apos;, revision: &apos;1d14b5521b&apos;
System info: os.name: &apos;Windows 10&apos;, os.arch: &apos;amd64&apos;, os.version: &apos;10.0&apos;, java.version: &apos;17.0.3&apos;
Driver info: org.openqa.selenium.chrome.ChromeDriver
Command: [94c14d1ad7f7d0c407debe5c1a000df0, clickElement {id=f.A08BE4F4D2116AB6A6CC78FAC1E1262C.d.596365F81C469EE10E79A249E0CBA32D.e.16}]
Capabilities {acceptInsecureCerts: false, browserName: chrome, browserVersion: 125.0.6422.142, chrome: {chromedriverVersion: 124.0.6367.91 (51df0e5e17a8..., userDataDir: C:\Users\BHAUMI~1.GOH\AppDa...}, fedcm:accounts: true, goog:chromeOptions: {debuggerAddress: localhost:51389}, networkConnectionEnabled: false, pageLoadStrategy: normal, platformName: windows, proxy: Proxy(), se:cdp: ws://localhost:51389/devtoo..., se:cdpVersion: 125.0.6422.142, setWindowRect: true, strictFileInteractability: false, timeouts: {implicit: 0, pageLoad: 300000, script: 30000}, unhandledPromptBehavior: dismiss and notify, webauthn:extension:credBlob: true, webauthn:extension:largeBlob: true, webauthn:extension:minPinLength: true, webauthn:extension:prf: true, webauthn:virtualAuthenticators: true}
Element: [[ChromeDriver: chrome on windows (94c14d1ad7f7d0c407debe5c1a000df0)] -&gt; xpath: //a[contains(text(),&apos;HomeGalore Premium Document Organizer Bag&apos;)]]
Session ID: 94c14d1ad7f7d0c407debe5c1a000df0
	at org.openqa.selenium.remote.http.jdk.JdkHttpClient.execute0(JdkHttpClient.java:410)
	at org.openqa.selenium.remote.http.AddSeleniumUserAgent.lambda$apply$0(AddSeleniumUserAgent.java:42)
	at org.openqa.selenium.remote.http.Filter.lambda$andFinally$1(Filter.java:55)
	at org.openqa.selenium.remote.http.jdk.JdkHttpClient.execute(JdkHttpClient.java:366)
	at org.openqa.selenium.remote.HttpCommandExecutor.execute(HttpCommandExecutor.java:188)
	at org.openqa.selenium.remote.service.DriverCommandExecutor.invokeExecute(DriverCommandExecutor.java:200)
	at org.openqa.selenium.remote.service.DriverCommandExecutor.execute(DriverCommandExecutor.java:175)
	at org.openqa.selenium.remote.RemoteWebDriver.execute(RemoteWebDriver.java:607)
	at org.openqa.selenium.remote.RemoteWebElement.execute(RemoteWebElement.java:224)
	at org.openqa.selenium.remote.RemoteWebElement.click(RemoteWebElement.java:77)
	at org.openqa.selenium.support.pagefactory.internal.LocatingElementHandler.invoke(LocatingElementHandler.java:51)
	at jdk.proxy2/jdk.proxy2.$Proxy14.click(Unknown Source)
	at com.pages.HomePage.Click_On_Product(HomePage.java:94)
	at ecom.testcases.AddtoCartPageTest.setup(AddtoCartPageTest.java:32)
	at java.base/java.util.ArrayList.forEach(ArrayList.java:1511)
Caused by: java.util.concurrent.TimeoutException
	at java.base/java.util.concurrent.CompletableFuture.timedGet(CompletableFuture.java:1960)
	at java.base/java.util.concurrent.CompletableFuture.get(CompletableFuture.java:2095)
	at org.openqa.selenium.remote.http.jdk.JdkHttpClient.execute0(JdkHttpClient.java:393)
	... 48 more
... Removed 34 stack frames</div></td></tr></table><p class="totop"><a href="#summary">back to summary</a></p>
<h3 id="m1">ecom.testcases.SearchPageTest#setup</h3><table class="result"><tr><th>Exception</th></tr><tr><td><div class="stacktrace">org.openqa.selenium.NoSuchWindowException: no such window: target window already closed
from unknown error: web view not found
  (Session info: chrome=125.0.6422.142)
Build info: version: &apos;4.15.0&apos;, revision: &apos;1d14b5521b&apos;
System info: os.name: &apos;Windows 10&apos;, os.arch: &apos;amd64&apos;, os.version: &apos;10.0&apos;, java.version: &apos;17.0.3&apos;
Driver info: org.openqa.selenium.chrome.ChromeDriver
Command: [e3aa22f78b57bc94987cce0b33679d81, findElement {using=xpath, value=//img[@class=&apos;lazyload desktop-img&apos;]}]
Capabilities {acceptInsecureCerts: false, browserName: chrome, browserVersion: 125.0.6422.142, chrome: {chromedriverVersion: 124.0.6367.91 (51df0e5e17a8..., userDataDir: C:\Users\BHAUMI~1.GOH\AppDa...}, fedcm:accounts: true, goog:chromeOptions: {debuggerAddress: localhost:52057}, networkConnectionEnabled: false, pageLoadStrategy: normal, platformName: windows, proxy: Proxy(), se:cdp: ws://localhost:52057/devtoo..., se:cdpVersion: 125.0.6422.142, setWindowRect: true, strictFileInteractability: false, timeouts: {implicit: 0, pageLoad: 300000, script: 30000}, unhandledPromptBehavior: dismiss and notify, webauthn:extension:credBlob: true, webauthn:extension:largeBlob: true, webauthn:extension:minPinLength: true, webauthn:extension:prf: true, webauthn:virtualAuthenticators: true}
Session ID: e3aa22f78b57bc94987cce0b33679d81
	at org.openqa.selenium.remote.codec.w3c.W3CHttpResponseCodec.createException(W3CHttpResponseCodec.java:200)
	at org.openqa.selenium.remote.codec.w3c.W3CHttpResponseCodec.decode(W3CHttpResponseCodec.java:133)
	at org.openqa.selenium.remote.codec.w3c.W3CHttpResponseCodec.decode(W3CHttpResponseCodec.java:52)
	at org.openqa.selenium.remote.HttpCommandExecutor.execute(HttpCommandExecutor.java:191)
	at org.openqa.selenium.remote.service.DriverCommandExecutor.invokeExecute(DriverCommandExecutor.java:200)
	at org.openqa.selenium.remote.service.DriverCommandExecutor.execute(DriverCommandExecutor.java:175)
	at org.openqa.selenium.remote.RemoteWebDriver.execute(RemoteWebDriver.java:607)
	at org.openqa.selenium.remote.ElementLocation$ElementFinder$2.findElement(ElementLocation.java:165)
	at org.openqa.selenium.remote.ElementLocation.findElement(ElementLocation.java:59)
	at org.openqa.selenium.remote.RemoteWebDriver.findElement(RemoteWebDriver.java:364)
	at org.openqa.selenium.remote.RemoteWebDriver.findElement(RemoteWebDriver.java:358)
	at ecom.TestBase.initilization(TestBase.java:65)
	at ecom.testcases.SearchPageTest.setup(SearchPageTest.java:26)
	at java.base/java.util.ArrayList.forEach(ArrayList.java:1511)
... Removed 36 stack frames</div></td></tr></table><p class="totop"><a href="#summary">back to summary</a></p>
<h3 id="m2">ecom.testcases.CheckOutPageTest#VerifyCheckOutFunctionalitywithNagativeValueTest</h3><table class="result"><tr class="param"><th>Parameter #1</th><th>Parameter #2</th><th>Parameter #3</th><th>Parameter #4</th><th>Parameter #5</th><th>Parameter #6</th><th>Parameter #7</th></tr><tr class="param stripe"><td>Kartik</td><td>Kartik</td><td>Arya</td><td>Aryan Appartment</td><td>Bhavnagar</td><td>1.0</td><td>1.0</td></tr><tr><th colspan="7">Exception</th></tr><tr><td colspan="7"><div class="stacktrace">org.openqa.selenium.NoSuchElementException: no such element: Unable to locate element: {&quot;method&quot;:&quot;xpath&quot;,&quot;selector&quot;:&quot;//p[@id=&apos;error-for-TextField5&apos;]&quot;}
  (Session info: chrome=125.0.6422.142)
For documentation on this error, please visit: https://www.selenium.dev/documentation/webdriver/troubleshooting/errors#no-such-element-exception
Build info: version: &apos;4.15.0&apos;, revision: &apos;1d14b5521b&apos;
System info: os.name: &apos;Windows 10&apos;, os.arch: &apos;amd64&apos;, os.version: &apos;10.0&apos;, java.version: &apos;17.0.3&apos;
Driver info: org.openqa.selenium.chrome.ChromeDriver
Command: [a544aadaf411312bcd6a6bd64cba522a, findElement {using=xpath, value=//p[@id=&apos;error-for-TextField5&apos;]}]
Capabilities {acceptInsecureCerts: false, browserName: chrome, browserVersion: 125.0.6422.142, chrome: {chromedriverVersion: 124.0.6367.91 (51df0e5e17a8..., userDataDir: C:\Users\BHAUMI~1.GOH\AppDa...}, fedcm:accounts: true, goog:chromeOptions: {debuggerAddress: localhost:51809}, networkConnectionEnabled: false, pageLoadStrategy: normal, platformName: windows, proxy: Proxy(), se:cdp: ws://localhost:51809/devtoo..., se:cdpVersion: 125.0.6422.142, setWindowRect: true, strictFileInteractability: false, timeouts: {implicit: 0, pageLoad: 300000, script: 30000}, unhandledPromptBehavior: dismiss and notify, webauthn:extension:credBlob: true, webauthn:extension:largeBlob: true, webauthn:extension:minPinLength: true, webauthn:extension:prf: true, webauthn:virtualAuthenticators: true}
Session ID: a544aadaf411312bcd6a6bd64cba522a
	at org.openqa.selenium.remote.codec.w3c.W3CHttpResponseCodec.createException(W3CHttpResponseCodec.java:200)
	at org.openqa.selenium.remote.codec.w3c.W3CHttpResponseCodec.decode(W3CHttpResponseCodec.java:133)
	at org.openqa.selenium.remote.codec.w3c.W3CHttpResponseCodec.decode(W3CHttpResponseCodec.java:52)
	at org.openqa.selenium.remote.HttpCommandExecutor.execute(HttpCommandExecutor.java:191)
	at org.openqa.selenium.remote.service.DriverCommandExecutor.invokeExecute(DriverCommandExecutor.java:200)
	at org.openqa.selenium.remote.service.DriverCommandExecutor.execute(DriverCommandExecutor.java:175)
	at org.openqa.selenium.remote.RemoteWebDriver.execute(RemoteWebDriver.java:607)
	at org.openqa.selenium.remote.ElementLocation$ElementFinder$2.findElement(ElementLocation.java:165)
	at org.openqa.selenium.remote.ElementLocation.findElement(ElementLocation.java:59)
	at org.openqa.selenium.remote.RemoteWebDriver.findElement(RemoteWebDriver.java:364)
	at org.openqa.selenium.remote.RemoteWebDriver.findElement(RemoteWebDriver.java:358)
	at org.openqa.selenium.support.pagefactory.DefaultElementLocator.findElement(DefaultElementLocator.java:68)
	at org.openqa.selenium.support.pagefactory.internal.LocatingElementHandler.invoke(LocatingElementHandler.java:38)
	at jdk.proxy2/jdk.proxy2.$Proxy14.getText(Unknown Source)
	at com.pages.CheckoutPage.CheckFieldsValidationsMessagesWithNagativeValue(CheckoutPage.java:134)
	at ecom.testcases.CheckOutPageTest.VerifyCheckOutFunctionalitywithNagativeValueTest(CheckOutPageTest.java:69)
	at java.base/java.util.ArrayList.forEach(ArrayList.java:1511)
... Removed 32 stack frames</div></td></tr></table><p class="totop"><a href="#summary">back to summary</a></p>
<h3 id="m3">ecom.testcases.AddtoCartPageTest#Terminate</h3><table class="result"><tr><th class="invisible"/></tr></table><p class="totop"><a href="#summary">back to summary</a></p>
<h3 id="m4">ecom.testcases.AddtoCartPageTest#Terminate</h3><table class="result"><tr><th class="invisible"/></tr></table><p class="totop"><a href="#summary">back to summary</a></p>
<h3 id="m5">ecom.testcases.AddtoCartPageTest#Terminate</h3><table class="result"><tr><th class="invisible"/></tr></table><p class="totop"><a href="#summary">back to summary</a></p>
<h3 id="m6">ecom.testcases.AddtoCartPageTest#setup</h3><table class="result"><tr><th class="invisible"/></tr></table><p class="totop"><a href="#summary">back to summary</a></p>
<h3 id="m7">ecom.testcases.AddtoCartPageTest#setup</h3><table class="result"><tr><th class="invisible"/></tr></table><p class="totop"><a href="#summary">back to summary</a></p>
<h3 id="m8">ecom.testcases.SearchPageTest#Terminate</h3><table class="result"><tr><th class="invisible"/></tr></table><p class="totop"><a href="#summary">back to summary</a></p>
<h3 id="m9">ecom.testcases.SearchPageTest#Terminate</h3><table class="result"><tr><th class="invisible"/></tr></table><p class="totop"><a href="#summary">back to summary</a></p>
<h3 id="m10">ecom.testcases.SearchPageTest#setup</h3><table class="result"><tr><th class="invisible"/></tr></table><p class="totop"><a href="#summary">back to summary</a></p>
<h3 id="m11">ecom.testcases.AddtoCartPageTest#Click_on_Checkout_button_Test</h3><table class="result"><tr><th>Exception</th></tr><tr><td><div class="stacktrace">org.openqa.selenium.TimeoutException: java.util.concurrent.TimeoutException
Build info: version: &apos;4.15.0&apos;, revision: &apos;1d14b5521b&apos;
System info: os.name: &apos;Windows 10&apos;, os.arch: &apos;amd64&apos;, os.version: &apos;10.0&apos;, java.version: &apos;17.0.3&apos;
Driver info: org.openqa.selenium.chrome.ChromeDriver
Command: [94c14d1ad7f7d0c407debe5c1a000df0, clickElement {id=f.A08BE4F4D2116AB6A6CC78FAC1E1262C.d.596365F81C469EE10E79A249E0CBA32D.e.16}]
Capabilities {acceptInsecureCerts: false, browserName: chrome, browserVersion: 125.0.6422.142, chrome: {chromedriverVersion: 124.0.6367.91 (51df0e5e17a8..., userDataDir: C:\Users\BHAUMI~1.GOH\AppDa...}, fedcm:accounts: true, goog:chromeOptions: {debuggerAddress: localhost:51389}, networkConnectionEnabled: false, pageLoadStrategy: normal, platformName: windows, proxy: Proxy(), se:cdp: ws://localhost:51389/devtoo..., se:cdpVersion: 125.0.6422.142, setWindowRect: true, strictFileInteractability: false, timeouts: {implicit: 0, pageLoad: 300000, script: 30000}, unhandledPromptBehavior: dismiss and notify, webauthn:extension:credBlob: true, webauthn:extension:largeBlob: true, webauthn:extension:minPinLength: true, webauthn:extension:prf: true, webauthn:virtualAuthenticators: true}
Element: [[ChromeDriver: chrome on windows (94c14d1ad7f7d0c407debe5c1a000df0)] -&gt; xpath: //a[contains(text(),&apos;HomeGalore Premium Document Organizer Bag&apos;)]]
Session ID: 94c14d1ad7f7d0c407debe5c1a000df0
	at org.openqa.selenium.remote.http.jdk.JdkHttpClient.execute0(JdkHttpClient.java:410)
	at org.openqa.selenium.remote.http.AddSeleniumUserAgent.lambda$apply$0(AddSeleniumUserAgent.java:42)
	at org.openqa.selenium.remote.http.Filter.lambda$andFinally$1(Filter.java:55)
	at org.openqa.selenium.remote.http.jdk.JdkHttpClient.execute(JdkHttpClient.java:366)
	at org.openqa.selenium.remote.HttpCommandExecutor.execute(HttpCommandExecutor.java:188)
	at org.openqa.selenium.remote.service.DriverCommandExecutor.invokeExecute(DriverCommandExecutor.java:200)
	at org.openqa.selenium.remote.service.DriverCommandExecutor.execute(DriverCommandExecutor.java:175)
	at org.openqa.selenium.remote.RemoteWebDriver.execute(RemoteWebDriver.java:607)
	at org.openqa.selenium.remote.RemoteWebElement.execute(RemoteWebElement.java:224)
	at org.openqa.selenium.remote.RemoteWebElement.click(RemoteWebElement.java:77)
	at org.openqa.selenium.support.pagefactory.internal.LocatingElementHandler.invoke(LocatingElementHandler.java:51)
	at jdk.proxy2/jdk.proxy2.$Proxy14.click(Unknown Source)
	at com.pages.HomePage.Click_On_Product(HomePage.java:94)
	at ecom.testcases.AddtoCartPageTest.setup(AddtoCartPageTest.java:32)
	at java.base/java.util.ArrayList.forEach(ArrayList.java:1511)
Caused by: java.util.concurrent.TimeoutException
	at java.base/java.util.concurrent.CompletableFuture.timedGet(CompletableFuture.java:1960)
	at java.base/java.util.concurrent.CompletableFuture.get(CompletableFuture.java:2095)
	at org.openqa.selenium.remote.http.jdk.JdkHttpClient.execute0(JdkHttpClient.java:393)
	... 48 more
... Removed 34 stack frames</div></td></tr></table><p class="totop"><a href="#summary">back to summary</a></p>
<h3 id="m12">ecom.testcases.AddtoCartPageTest#Verify_Cart_Decrease_Qty_Test</h3><table class="result"><tr><th>Exception</th></tr><tr><td><div class="stacktrace">org.openqa.selenium.TimeoutException: java.util.concurrent.TimeoutException
Build info: version: &apos;4.15.0&apos;, revision: &apos;1d14b5521b&apos;
System info: os.name: &apos;Windows 10&apos;, os.arch: &apos;amd64&apos;, os.version: &apos;10.0&apos;, java.version: &apos;17.0.3&apos;
Driver info: org.openqa.selenium.chrome.ChromeDriver
Command: [94c14d1ad7f7d0c407debe5c1a000df0, clickElement {id=f.A08BE4F4D2116AB6A6CC78FAC1E1262C.d.596365F81C469EE10E79A249E0CBA32D.e.16}]
Capabilities {acceptInsecureCerts: false, browserName: chrome, browserVersion: 125.0.6422.142, chrome: {chromedriverVersion: 124.0.6367.91 (51df0e5e17a8..., userDataDir: C:\Users\BHAUMI~1.GOH\AppDa...}, fedcm:accounts: true, goog:chromeOptions: {debuggerAddress: localhost:51389}, networkConnectionEnabled: false, pageLoadStrategy: normal, platformName: windows, proxy: Proxy(), se:cdp: ws://localhost:51389/devtoo..., se:cdpVersion: 125.0.6422.142, setWindowRect: true, strictFileInteractability: false, timeouts: {implicit: 0, pageLoad: 300000, script: 30000}, unhandledPromptBehavior: dismiss and notify, webauthn:extension:credBlob: true, webauthn:extension:largeBlob: true, webauthn:extension:minPinLength: true, webauthn:extension:prf: true, webauthn:virtualAuthenticators: true}
Element: [[ChromeDriver: chrome on windows (94c14d1ad7f7d0c407debe5c1a000df0)] -&gt; xpath: //a[contains(text(),&apos;HomeGalore Premium Document Organizer Bag&apos;)]]
Session ID: 94c14d1ad7f7d0c407debe5c1a000df0
	at org.openqa.selenium.remote.http.jdk.JdkHttpClient.execute0(JdkHttpClient.java:410)
	at org.openqa.selenium.remote.http.AddSeleniumUserAgent.lambda$apply$0(AddSeleniumUserAgent.java:42)
	at org.openqa.selenium.remote.http.Filter.lambda$andFinally$1(Filter.java:55)
	at org.openqa.selenium.remote.http.jdk.JdkHttpClient.execute(JdkHttpClient.java:366)
	at org.openqa.selenium.remote.HttpCommandExecutor.execute(HttpCommandExecutor.java:188)
	at org.openqa.selenium.remote.service.DriverCommandExecutor.invokeExecute(DriverCommandExecutor.java:200)
	at org.openqa.selenium.remote.service.DriverCommandExecutor.execute(DriverCommandExecutor.java:175)
	at org.openqa.selenium.remote.RemoteWebDriver.execute(RemoteWebDriver.java:607)
	at org.openqa.selenium.remote.RemoteWebElement.execute(RemoteWebElement.java:224)
	at org.openqa.selenium.remote.RemoteWebElement.click(RemoteWebElement.java:77)
	at org.openqa.selenium.support.pagefactory.internal.LocatingElementHandler.invoke(LocatingElementHandler.java:51)
	at jdk.proxy2/jdk.proxy2.$Proxy14.click(Unknown Source)
	at com.pages.HomePage.Click_On_Product(HomePage.java:94)
	at ecom.testcases.AddtoCartPageTest.setup(AddtoCartPageTest.java:32)
	at java.base/java.util.ArrayList.forEach(ArrayList.java:1511)
Caused by: java.util.concurrent.TimeoutException
	at java.base/java.util.concurrent.CompletableFuture.timedGet(CompletableFuture.java:1960)
	at java.base/java.util.concurrent.CompletableFuture.get(CompletableFuture.java:2095)
	at org.openqa.selenium.remote.http.jdk.JdkHttpClient.execute0(JdkHttpClient.java:393)
	... 48 more
... Removed 34 stack frames</div></td></tr></table><p class="totop"><a href="#summary">back to summary</a></p>
<h3 id="m13">ecom.testcases.AddtoCartPageTest#Verify_Cart_Qty_Increase_Test</h3><table class="result"><tr><th>Exception</th></tr><tr><td><div class="stacktrace">org.openqa.selenium.TimeoutException: java.util.concurrent.TimeoutException
Build info: version: &apos;4.15.0&apos;, revision: &apos;1d14b5521b&apos;
System info: os.name: &apos;Windows 10&apos;, os.arch: &apos;amd64&apos;, os.version: &apos;10.0&apos;, java.version: &apos;17.0.3&apos;
Driver info: org.openqa.selenium.chrome.ChromeDriver
Command: [94c14d1ad7f7d0c407debe5c1a000df0, clickElement {id=f.A08BE4F4D2116AB6A6CC78FAC1E1262C.d.596365F81C469EE10E79A249E0CBA32D.e.16}]
Capabilities {acceptInsecureCerts: false, browserName: chrome, browserVersion: 125.0.6422.142, chrome: {chromedriverVersion: 124.0.6367.91 (51df0e5e17a8..., userDataDir: C:\Users\BHAUMI~1.GOH\AppDa...}, fedcm:accounts: true, goog:chromeOptions: {debuggerAddress: localhost:51389}, networkConnectionEnabled: false, pageLoadStrategy: normal, platformName: windows, proxy: Proxy(), se:cdp: ws://localhost:51389/devtoo..., se:cdpVersion: 125.0.6422.142, setWindowRect: true, strictFileInteractability: false, timeouts: {implicit: 0, pageLoad: 300000, script: 30000}, unhandledPromptBehavior: dismiss and notify, webauthn:extension:credBlob: true, webauthn:extension:largeBlob: true, webauthn:extension:minPinLength: true, webauthn:extension:prf: true, webauthn:virtualAuthenticators: true}
Element: [[ChromeDriver: chrome on windows (94c14d1ad7f7d0c407debe5c1a000df0)] -&gt; xpath: //a[contains(text(),&apos;HomeGalore Premium Document Organizer Bag&apos;)]]
Session ID: 94c14d1ad7f7d0c407debe5c1a000df0
	at org.openqa.selenium.remote.http.jdk.JdkHttpClient.execute0(JdkHttpClient.java:410)
	at org.openqa.selenium.remote.http.AddSeleniumUserAgent.lambda$apply$0(AddSeleniumUserAgent.java:42)
	at org.openqa.selenium.remote.http.Filter.lambda$andFinally$1(Filter.java:55)
	at org.openqa.selenium.remote.http.jdk.JdkHttpClient.execute(JdkHttpClient.java:366)
	at org.openqa.selenium.remote.HttpCommandExecutor.execute(HttpCommandExecutor.java:188)
	at org.openqa.selenium.remote.service.DriverCommandExecutor.invokeExecute(DriverCommandExecutor.java:200)
	at org.openqa.selenium.remote.service.DriverCommandExecutor.execute(DriverCommandExecutor.java:175)
	at org.openqa.selenium.remote.RemoteWebDriver.execute(RemoteWebDriver.java:607)
	at org.openqa.selenium.remote.RemoteWebElement.execute(RemoteWebElement.java:224)
	at org.openqa.selenium.remote.RemoteWebElement.click(RemoteWebElement.java:77)
	at org.openqa.selenium.support.pagefactory.internal.LocatingElementHandler.invoke(LocatingElementHandler.java:51)
	at jdk.proxy2/jdk.proxy2.$Proxy14.click(Unknown Source)
	at com.pages.HomePage.Click_On_Product(HomePage.java:94)
	at ecom.testcases.AddtoCartPageTest.setup(AddtoCartPageTest.java:32)
	at java.base/java.util.ArrayList.forEach(ArrayList.java:1511)
Caused by: java.util.concurrent.TimeoutException
	at java.base/java.util.concurrent.CompletableFuture.timedGet(CompletableFuture.java:1960)
	at java.base/java.util.concurrent.CompletableFuture.get(CompletableFuture.java:2095)
	at org.openqa.selenium.remote.http.jdk.JdkHttpClient.execute0(JdkHttpClient.java:393)
	... 48 more
... Removed 34 stack frames</div></td></tr></table><p class="totop"><a href="#summary">back to summary</a></p>
<h3 id="m14">ecom.testcases.SearchPageTest#Verify_Invali_Search_Functionality_Test</h3><table class="result"><tr><th>Exception</th></tr><tr><td><div class="stacktrace">org.openqa.selenium.NoSuchWindowException: no such window: target window already closed
from unknown error: web view not found
  (Session info: chrome=125.0.6422.142)
Build info: version: &apos;4.15.0&apos;, revision: &apos;1d14b5521b&apos;
System info: os.name: &apos;Windows 10&apos;, os.arch: &apos;amd64&apos;, os.version: &apos;10.0&apos;, java.version: &apos;17.0.3&apos;
Driver info: org.openqa.selenium.chrome.ChromeDriver
Command: [e3aa22f78b57bc94987cce0b33679d81, findElement {using=xpath, value=//img[@class=&apos;lazyload desktop-img&apos;]}]
Capabilities {acceptInsecureCerts: false, browserName: chrome, browserVersion: 125.0.6422.142, chrome: {chromedriverVersion: 124.0.6367.91 (51df0e5e17a8..., userDataDir: C:\Users\BHAUMI~1.GOH\AppDa...}, fedcm:accounts: true, goog:chromeOptions: {debuggerAddress: localhost:52057}, networkConnectionEnabled: false, pageLoadStrategy: normal, platformName: windows, proxy: Proxy(), se:cdp: ws://localhost:52057/devtoo..., se:cdpVersion: 125.0.6422.142, setWindowRect: true, strictFileInteractability: false, timeouts: {implicit: 0, pageLoad: 300000, script: 30000}, unhandledPromptBehavior: dismiss and notify, webauthn:extension:credBlob: true, webauthn:extension:largeBlob: true, webauthn:extension:minPinLength: true, webauthn:extension:prf: true, webauthn:virtualAuthenticators: true}
Session ID: e3aa22f78b57bc94987cce0b33679d81
	at org.openqa.selenium.remote.codec.w3c.W3CHttpResponseCodec.createException(W3CHttpResponseCodec.java:200)
	at org.openqa.selenium.remote.codec.w3c.W3CHttpResponseCodec.decode(W3CHttpResponseCodec.java:133)
	at org.openqa.selenium.remote.codec.w3c.W3CHttpResponseCodec.decode(W3CHttpResponseCodec.java:52)
	at org.openqa.selenium.remote.HttpCommandExecutor.execute(HttpCommandExecutor.java:191)
	at org.openqa.selenium.remote.service.DriverCommandExecutor.invokeExecute(DriverCommandExecutor.java:200)
	at org.openqa.selenium.remote.service.DriverCommandExecutor.execute(DriverCommandExecutor.java:175)
	at org.openqa.selenium.remote.RemoteWebDriver.execute(RemoteWebDriver.java:607)
	at org.openqa.selenium.remote.ElementLocation$ElementFinder$2.findElement(ElementLocation.java:165)
	at org.openqa.selenium.remote.ElementLocation.findElement(ElementLocation.java:59)
	at org.openqa.selenium.remote.RemoteWebDriver.findElement(RemoteWebDriver.java:364)
	at org.openqa.selenium.remote.RemoteWebDriver.findElement(RemoteWebDriver.java:358)
	at ecom.TestBase.initilization(TestBase.java:65)
	at ecom.testcases.SearchPageTest.setup(SearchPageTest.java:26)
	at java.base/java.util.ArrayList.forEach(ArrayList.java:1511)
... Removed 36 stack frames</div></td></tr></table><p class="totop"><a href="#summary">back to summary</a></p>
<h3 id="m15">ecom.testcases.SearchPageTest#Verify_Product_On_Search_Page_Test</h3><table class="result"><tr><th>Exception</th></tr><tr><td><div class="stacktrace">org.openqa.selenium.NoSuchWindowException: no such window: target window already closed
from unknown error: web view not found
  (Session info: chrome=125.0.6422.142)
Build info: version: &apos;4.15.0&apos;, revision: &apos;1d14b5521b&apos;
System info: os.name: &apos;Windows 10&apos;, os.arch: &apos;amd64&apos;, os.version: &apos;10.0&apos;, java.version: &apos;17.0.3&apos;
Driver info: org.openqa.selenium.chrome.ChromeDriver
Command: [e3aa22f78b57bc94987cce0b33679d81, findElement {using=xpath, value=//img[@class=&apos;lazyload desktop-img&apos;]}]
Capabilities {acceptInsecureCerts: false, browserName: chrome, browserVersion: 125.0.6422.142, chrome: {chromedriverVersion: 124.0.6367.91 (51df0e5e17a8..., userDataDir: C:\Users\BHAUMI~1.GOH\AppDa...}, fedcm:accounts: true, goog:chromeOptions: {debuggerAddress: localhost:52057}, networkConnectionEnabled: false, pageLoadStrategy: normal, platformName: windows, proxy: Proxy(), se:cdp: ws://localhost:52057/devtoo..., se:cdpVersion: 125.0.6422.142, setWindowRect: true, strictFileInteractability: false, timeouts: {implicit: 0, pageLoad: 300000, script: 30000}, unhandledPromptBehavior: dismiss and notify, webauthn:extension:credBlob: true, webauthn:extension:largeBlob: true, webauthn:extension:minPinLength: true, webauthn:extension:prf: true, webauthn:virtualAuthenticators: true}
Session ID: e3aa22f78b57bc94987cce0b33679d81
	at org.openqa.selenium.remote.codec.w3c.W3CHttpResponseCodec.createException(W3CHttpResponseCodec.java:200)
	at org.openqa.selenium.remote.codec.w3c.W3CHttpResponseCodec.decode(W3CHttpResponseCodec.java:133)
	at org.openqa.selenium.remote.codec.w3c.W3CHttpResponseCodec.decode(W3CHttpResponseCodec.java:52)
	at org.openqa.selenium.remote.HttpCommandExecutor.execute(HttpCommandExecutor.java:191)
	at org.openqa.selenium.remote.service.DriverCommandExecutor.invokeExecute(DriverCommandExecutor.java:200)
	at org.openqa.selenium.remote.service.DriverCommandExecutor.execute(DriverCommandExecutor.java:175)
	at org.openqa.selenium.remote.RemoteWebDriver.execute(RemoteWebDriver.java:607)
	at org.openqa.selenium.remote.ElementLocation$ElementFinder$2.findElement(ElementLocation.java:165)
	at org.openqa.selenium.remote.ElementLocation.findElement(ElementLocation.java:59)
	at org.openqa.selenium.remote.RemoteWebDriver.findElement(RemoteWebDriver.java:364)
	at org.openqa.selenium.remote.RemoteWebDriver.findElement(RemoteWebDriver.java:358)
	at ecom.TestBase.initilization(TestBase.java:65)
	at ecom.testcases.SearchPageTest.setup(SearchPageTest.java:26)
	at java.base/java.util.ArrayList.forEach(ArrayList.java:1511)
... Removed 36 stack frames</div></td></tr></table><p class="totop"><a href="#summary">back to summary</a></p>
<h3 id="m16">ecom.testcases.AddtoCartPageTest#Verify_CartPage_Text_Test</h3><table class="result"><tr><th class="invisible"/></tr></table><p class="totop"><a href="#summary">back to summary</a></p>
<h3 id="m17">ecom.testcases.AddtoCartPageTest#Verify_Navigation_Menu_Test</h3><table class="result"><tr><th class="invisible"/></tr></table><p class="totop"><a href="#summary">back to summary</a></p>
<h3 id="m18">ecom.testcases.AddtoCartPageTest#Verify_Page_Logo_Test</h3><table class="result"><tr><th class="invisible"/></tr></table><p class="totop"><a href="#summary">back to summary</a></p>
<h3 id="m19">ecom.testcases.AddtoCartPageTest#Verify_Page_Title_Test</h3><table class="result"><tr><th class="invisible"/></tr></table><p class="totop"><a href="#summary">back to summary</a></p>
<h3 id="m20">ecom.testcases.AddtoCartPageTest#Verify_Searchbox_Test</h3><table class="result"><tr><th class="invisible"/></tr></table><p class="totop"><a href="#summary">back to summary</a></p>
<h3 id="m21">ecom.testcases.CartPageTest#Verify_Empty_Cart_Heading_Test</h3><table class="result"><tr><th class="invisible"/></tr></table><p class="totop"><a href="#summary">back to summary</a></p>
<h3 id="m22">ecom.testcases.CartPageTest#Verify_Empty_Cart_Items_Test</h3><table class="result"><tr><th class="invisible"/></tr></table><p class="totop"><a href="#summary">back to summary</a></p>
<h3 id="m23">ecom.testcases.CheckOutPageTest#CheckOutRequiredFieldValidationTest</h3><table class="result"><tr><th class="invisible"/></tr></table><p class="totop"><a href="#summary">back to summary</a></p>
<h3 id="m24">ecom.testcases.CheckOutPageTest#Check_Check_Out_Page_Title_Test</h3><table class="result"><tr><th class="invisible"/></tr></table><p class="totop"><a href="#summary">back to summary</a></p>
<h3 id="m25">ecom.testcases.CheckOutPageTest#VerifyCheckOutFunctionalitywithNagativeValueTest</h3><table class="result"><tr class="param"><th>Parameter #1</th><th>Parameter #2</th><th>Parameter #3</th><th>Parameter #4</th><th>Parameter #5</th><th>Parameter #6</th><th>Parameter #7</th></tr><tr class="param stripe"><td>Nikunj</td><td>Nikunj</td><td>Trivedi</td><td>Trivedi</td><td>Rajkot</td><td>0.0</td><td>5.0</td></tr></table><p class="totop"><a href="#summary">back to summary</a></p>
<h3 id="m26">ecom.testcases.CheckOutPageTest#VerifyCheckOutFunctionalitywithNagativeValueTest</h3><table class="result"><tr class="param"><th>Parameter #1</th><th>Parameter #2</th><th>Parameter #3</th><th>Parameter #4</th><th>Parameter #5</th><th>Parameter #6</th><th>Parameter #7</th></tr><tr class="param stripe"><td>bhaumik</td><td>Bhaumik</td><td>Gohel</td><td>Gota VasantNagar</td><td>Ahmedabad</td><td>1.0</td><td>1.0</td></tr></table><p class="totop"><a href="#summary">back to summary</a></p>
<h3 id="m27">ecom.testcases.HomePageTest#Validate_Search_Functionality</h3><table class="result"><tr><th class="invisible"/></tr></table><p class="totop"><a href="#summary">back to summary</a></p>
<h3 id="m28">ecom.testcases.HomePageTest#Verify_Cart_Test</h3><table class="result"><tr><th class="invisible"/></tr></table><p class="totop"><a href="#summary">back to summary</a></p>
<h3 id="m29">ecom.testcases.HomePageTest#Verify_Footer_Section_Test</h3><table class="result"><tr><th class="invisible"/></tr></table><p class="totop"><a href="#summary">back to summary</a></p>
<h3 id="m30">ecom.testcases.HomePageTest#Verify_Home_Page_Image_Test</h3><table class="result"><tr><th class="invisible"/></tr></table><p class="totop"><a href="#summary">back to summary</a></p>
<h3 id="m31">ecom.testcases.HomePageTest#Verify_Home_Page_Logo_Test</h3><table class="result"><tr><th class="invisible"/></tr></table><p class="totop"><a href="#summary">back to summary</a></p>
<h3 id="m32">ecom.testcases.HomePageTest#Verify_Navigation_Menu_Test</h3><table class="result"><tr><th class="invisible"/></tr></table><p class="totop"><a href="#summary">back to summary</a></p>
<h3 id="m33">ecom.testcases.HomePageTest#Verify_Page_Home_Page_Title_Test</h3><table class="result"><tr><th class="invisible"/></tr></table><p class="totop"><a href="#summary">back to summary</a></p>
<h3 id="m34">ecom.testcases.HomePageTest#Verify_Product</h3><table class="result"><tr><th class="invisible"/></tr></table><p class="totop"><a href="#summary">back to summary</a></p>
<h3 id="m35">ecom.testcases.HomePageTest#Verify_Search_box_Test</h3><table class="result"><tr><th class="invisible"/></tr></table><p class="totop"><a href="#summary">back to summary</a></p>
<h3 id="m36">ecom.testcases.ProductDetailsPageTest#Verify_Add_to_Cart_Functionality_Test</h3><table class="result"><tr><th class="invisible"/></tr></table><p class="totop"><a href="#summary">back to summary</a></p>
<h3 id="m37">ecom.testcases.ProductDetailsPageTest#Verify_Cart_Test</h3><table class="result"><tr><th class="invisible"/></tr></table><p class="totop"><a href="#summary">back to summary</a></p>
<h3 id="m38">ecom.testcases.ProductDetailsPageTest#Verify_Navigation_Menu_Test</h3><table class="result"><tr><th class="invisible"/></tr></table><p class="totop"><a href="#summary">back to summary</a></p>
<h3 id="m39">ecom.testcases.ProductDetailsPageTest#Verify_Page_Logo_Test</h3><table class="result"><tr><th class="invisible"/></tr></table><p class="totop"><a href="#summary">back to summary</a></p>
<h3 id="m40">ecom.testcases.ProductDetailsPageTest#Verify_Page_Title_Test</h3><table class="result"><tr><th class="invisible"/></tr></table><p class="totop"><a href="#summary">back to summary</a></p>
<h3 id="m41">ecom.testcases.ProductDetailsPageTest#Verify_Searchbox_Test</h3><table class="result"><tr><th class="invisible"/></tr></table><p class="totop"><a href="#summary">back to summary</a></p>
<h3 id="m42">ecom.testcases.SearchPageTest#Verify_Logo_Test</h3><table class="result"><tr><th class="invisible"/></tr></table><p class="totop"><a href="#summary">back to summary</a></p>
<h3 id="m43">ecom.testcases.SearchPageTest#Verify_Page_Title_Test</h3><table class="result"><tr><th class="invisible"/></tr></table><p class="totop"><a href="#summary">back to summary</a></p>
</body>
</html>
