<!DOCTYPE html>

<html>
  <head>
  <meta charset='utf-8'>
  <title>TestNG reports</title>

    <link type="text/css" href="testng-reports1.css" rel="stylesheet" id="ultra" />
    <link type="text/css" href="testng-reports.css" rel="stylesheet" id="retro" disabled="false"/>
    <script type="text/javascript" src="jquery.min.js"></script>
    <script type="text/javascript" src="testng-reports.js"></script>
    <script type="text/javascript" src="https://www.google.com/jsapi"></script>
    <script type='text/javascript'>
      google.load('visualization', '1', {packages:['table']});
      google.setOnLoadCallback(drawTable);
      var suiteTableInitFunctions = new Array();
      var suiteTableData = new Array();
    </script>
    <!--
      <script type="text/javascript" src="jquery-ui/js/jquery-ui-1.8.16.custom.min.js"></script>
     -->
  </head>

  <body>
    <div class="top-banner-root">
      <span class="top-banner-title-font">Test results</span>
      <button id="button" class="button">Switch Retro Theme</button> <!-- button -->
      <br/>
      <span class="top-banner-font-1">1 suite, 1 failed test</span>
    </div> <!-- top-banner-root -->
    <div class="navigator-root">
      <div class="navigator-suite-header">
        <span>All suites</span>
        <a href="#" title="Collapse/expand all the suites" class="collapse-all-link">
          <img src="collapseall.gif" class="collapse-all-icon">
          </img> <!-- collapse-all-icon -->
        </a> <!-- collapse-all-link -->
      </div> <!-- navigator-suite-header -->
      <div class="suite">
        <div class="rounded-window">
          <div class="suite-header light-rounded-window-top">
            <a href="#" panel-name="suite-Add_To_Cart_Items" class="navigator-link">
              <span class="suite-name border-failed">Add To Cart Items</span>
            </a> <!-- navigator-link -->
          </div> <!-- suite-header light-rounded-window-top -->
          <div class="navigator-suite-content">
            <div class="suite-section-title">
              <span>Info</span>
            </div> <!-- suite-section-title -->
            <div class="suite-section-content">
              <ul>
                <li>
                  <a href="#" panel-name="test-xml-Add_To_Cart_Items" class="navigator-link ">
                    <span>D:\Automation\ecom\testng.xml</span>
                  </a> <!-- navigator-link  -->
                </li>
                <li>
                  <a href="#" panel-name="testlist-Add_To_Cart_Items" class="navigator-link ">
                    <span class="test-stats">1 test</span>
                  </a> <!-- navigator-link  -->
                </li>
                <li>
                  <a href="#" panel-name="group-Add_To_Cart_Items" class="navigator-link ">
                    <span>0 groups</span>
                  </a> <!-- navigator-link  -->
                </li>
                <li>
                  <a href="#" panel-name="times-Add_To_Cart_Items" class="navigator-link ">
                    <span>Times</span>
                  </a> <!-- navigator-link  -->
                </li>
                <li>
                  <a href="#" panel-name="reporter-Add_To_Cart_Items" class="navigator-link ">
                    <span>Reporter output</span>
                  </a> <!-- navigator-link  -->
                </li>
                <li>
                  <a href="#" panel-name="ignored-methods-Add_To_Cart_Items" class="navigator-link ">
                    <span>Ignored methods</span>
                  </a> <!-- navigator-link  -->
                </li>
                <li>
                  <a href="#" panel-name="chronological-Add_To_Cart_Items" class="navigator-link ">
                    <span>Chronological view</span>
                  </a> <!-- navigator-link  -->
                </li>
              </ul>
            </div> <!-- suite-section-content -->
            <div class="result-section">
              <div class="suite-section-title">
                <span>Results</span>
              </div> <!-- suite-section-title -->
              <div class="suite-section-content">
                <ul>
                  <li>
                    <span class="method-stats">34 methods, 1 failed,  5 skipped,  28 passed</span>
                  </li>
                  <li>
                    <span class="method-list-title failed">Failed methods</span>
                    <span class="show-or-hide-methods failed">
                      <a href="#" panel-name="suite-Add_To_Cart_Items" class="hide-methods failed suite-Add_To_Cart_Items"> (hide)</a> <!-- hide-methods failed suite-Add_To_Cart_Items -->
                      <a href="#" panel-name="suite-Add_To_Cart_Items" class="show-methods failed suite-Add_To_Cart_Items"> (show)</a> <!-- show-methods failed suite-Add_To_Cart_Items -->
                    </span>
                    <div class="method-list-content failed suite-Add_To_Cart_Items">
                      <span>
                        <img src="failed.png" width="3%"/>
                        <a href="#" panel-name="suite-Add_To_Cart_Items" title="ecom.testcases.CheckOutPageTest" class="method navigator-link" hash-for-method="VerifyCheckOutFunctionalitywithNagativeValueTest(Kartik, Kartik, Arya, Aryan Appartment, Bhavnagar, 1.0, 1.0)">VerifyCheckOutFunctionalitywithNagativeValueTest(Kartik, Kartik, Arya, Aryan Appartment, Bhavnagar, 1.0, 1.0)</a> <!-- method navigator-link -->
                      </span>
                      <br/>
                    </div> <!-- method-list-content failed suite-Add_To_Cart_Items -->
                  </li>
                  <li>
                    <span class="method-list-title skipped">Skipped methods</span>
                    <span class="show-or-hide-methods skipped">
                      <a href="#" panel-name="suite-Add_To_Cart_Items" class="hide-methods skipped suite-Add_To_Cart_Items"> (hide)</a> <!-- hide-methods skipped suite-Add_To_Cart_Items -->
                      <a href="#" panel-name="suite-Add_To_Cart_Items" class="show-methods skipped suite-Add_To_Cart_Items"> (show)</a> <!-- show-methods skipped suite-Add_To_Cart_Items -->
                    </span>
                    <div class="method-list-content skipped suite-Add_To_Cart_Items">
                      <span>
                        <img src="skipped.png" width="3%"/>
                        <a href="#" panel-name="suite-Add_To_Cart_Items" title="ecom.testcases.AddtoCartPageTest" class="method navigator-link" hash-for-method="Click_on_Checkout_button_Test">Click_on_Checkout_button_Test</a> <!-- method navigator-link -->
                      </span>
                      <br/>
                      <span>
                        <img src="skipped.png" width="3%"/>
                        <a href="#" panel-name="suite-Add_To_Cart_Items" title="ecom.testcases.AddtoCartPageTest" class="method navigator-link" hash-for-method="Verify_Cart_Decrease_Qty_Test">Verify_Cart_Decrease_Qty_Test</a> <!-- method navigator-link -->
                      </span>
                      <br/>
                      <span>
                        <img src="skipped.png" width="3%"/>
                        <a href="#" panel-name="suite-Add_To_Cart_Items" title="ecom.testcases.AddtoCartPageTest" class="method navigator-link" hash-for-method="Verify_Cart_Qty_Increase_Test">Verify_Cart_Qty_Increase_Test</a> <!-- method navigator-link -->
                      </span>
                      <br/>
                      <span>
                        <img src="skipped.png" width="3%"/>
                        <a href="#" panel-name="suite-Add_To_Cart_Items" title="ecom.testcases.SearchPageTest" class="method navigator-link" hash-for-method="Verify_Invali_Search_Functionality_Test">Verify_Invali_Search_Functionality_Test</a> <!-- method navigator-link -->
                      </span>
                      <br/>
                      <span>
                        <img src="skipped.png" width="3%"/>
                        <a href="#" panel-name="suite-Add_To_Cart_Items" title="ecom.testcases.SearchPageTest" class="method navigator-link" hash-for-method="Verify_Product_On_Search_Page_Test">Verify_Product_On_Search_Page_Test</a> <!-- method navigator-link -->
                      </span>
                      <br/>
                    </div> <!-- method-list-content skipped suite-Add_To_Cart_Items -->
                  </li>
                  <li>
                    <span class="method-list-title passed">Passed methods</span>
                    <span class="show-or-hide-methods passed">
                      <a href="#" panel-name="suite-Add_To_Cart_Items" class="hide-methods passed suite-Add_To_Cart_Items"> (hide)</a> <!-- hide-methods passed suite-Add_To_Cart_Items -->
                      <a href="#" panel-name="suite-Add_To_Cart_Items" class="show-methods passed suite-Add_To_Cart_Items"> (show)</a> <!-- show-methods passed suite-Add_To_Cart_Items -->
                    </span>
                    <div class="method-list-content passed suite-Add_To_Cart_Items">
                      <span>
                        <img src="passed.png" width="3%"/>
                        <a href="#" panel-name="suite-Add_To_Cart_Items" title="ecom.testcases.CheckOutPageTest" class="method navigator-link" hash-for-method="CheckOutRequiredFieldValidationTest">CheckOutRequiredFieldValidationTest</a> <!-- method navigator-link -->
                      </span>
                      <br/>
                      <span>
                        <img src="passed.png" width="3%"/>
                        <a href="#" panel-name="suite-Add_To_Cart_Items" title="ecom.testcases.CheckOutPageTest" class="method navigator-link" hash-for-method="Check_Check_Out_Page_Title_Test">Check_Check_Out_Page_Title_Test</a> <!-- method navigator-link -->
                      </span>
                      <br/>
                      <span>
                        <img src="passed.png" width="3%"/>
                        <a href="#" panel-name="suite-Add_To_Cart_Items" title="ecom.testcases.HomePageTest" class="method navigator-link" hash-for-method="Validate_Search_Functionality">Validate_Search_Functionality</a> <!-- method navigator-link -->
                      </span>
                      <br/>
                      <span>
                        <img src="passed.png" width="3%"/>
                        <a href="#" panel-name="suite-Add_To_Cart_Items" title="ecom.testcases.CheckOutPageTest" class="method navigator-link" hash-for-method="VerifyCheckOutFunctionalitywithNagativeValueTest(Nikunj, Nikunj, Trivedi, Trivedi, Rajkot, 0.0, 5.0)">VerifyCheckOutFunctionalitywithNagativeValueTest(Nikunj, Nikunj, Trivedi, Trivedi, Rajkot, 0.0, 5.0)</a> <!-- method navigator-link -->
                      </span>
                      <br/>
                      <span>
                        <img src="passed.png" width="3%"/>
                        <a href="#" panel-name="suite-Add_To_Cart_Items" title="ecom.testcases.CheckOutPageTest" class="method navigator-link" hash-for-method="VerifyCheckOutFunctionalitywithNagativeValueTest(bhaumik, Bhaumik, Gohel, Gota VasantNagar, Ahmedabad, 1.0, 1.0)">VerifyCheckOutFunctionalitywithNagativeValueTest(bhaumik, Bhaumik, Gohel, Gota VasantNagar, Ahmedabad, 1.0, 1.0)</a> <!-- method navigator-link -->
                      </span>
                      <br/>
                      <span>
                        <img src="passed.png" width="3%"/>
                        <a href="#" panel-name="suite-Add_To_Cart_Items" title="ecom.testcases.ProductDetailsPageTest" class="method navigator-link" hash-for-method="Verify_Add_to_Cart_Functionality_Test">Verify_Add_to_Cart_Functionality_Test</a> <!-- method navigator-link -->
                      </span>
                      <br/>
                      <span>
                        <img src="passed.png" width="3%"/>
                        <a href="#" panel-name="suite-Add_To_Cart_Items" title="ecom.testcases.AddtoCartPageTest" class="method navigator-link" hash-for-method="Verify_CartPage_Text_Test">Verify_CartPage_Text_Test</a> <!-- method navigator-link -->
                      </span>
                      <br/>
                      <span>
                        <img src="passed.png" width="3%"/>
                        <a href="#" panel-name="suite-Add_To_Cart_Items" title="ecom.testcases.ProductDetailsPageTest" class="method navigator-link" hash-for-method="Verify_Cart_Test">Verify_Cart_Test</a> <!-- method navigator-link -->
                      </span>
                      <br/>
                      <span>
                        <img src="passed.png" width="3%"/>
                        <a href="#" panel-name="suite-Add_To_Cart_Items" title="ecom.testcases.HomePageTest" class="method navigator-link" hash-for-method="Verify_Cart_Test">Verify_Cart_Test</a> <!-- method navigator-link -->
                      </span>
                      <br/>
                      <span>
                        <img src="passed.png" width="3%"/>
                        <a href="#" panel-name="suite-Add_To_Cart_Items" title="ecom.testcases.CartPageTest" class="method navigator-link" hash-for-method="Verify_Empty_Cart_Heading_Test">Verify_Empty_Cart_Heading_Test</a> <!-- method navigator-link -->
                      </span>
                      <br/>
                      <span>
                        <img src="passed.png" width="3%"/>
                        <a href="#" panel-name="suite-Add_To_Cart_Items" title="ecom.testcases.CartPageTest" class="method navigator-link" hash-for-method="Verify_Empty_Cart_Items_Test">Verify_Empty_Cart_Items_Test</a> <!-- method navigator-link -->
                      </span>
                      <br/>
                      <span>
                        <img src="passed.png" width="3%"/>
                        <a href="#" panel-name="suite-Add_To_Cart_Items" title="ecom.testcases.HomePageTest" class="method navigator-link" hash-for-method="Verify_Footer_Section_Test">Verify_Footer_Section_Test</a> <!-- method navigator-link -->
                      </span>
                      <br/>
                      <span>
                        <img src="passed.png" width="3%"/>
                        <a href="#" panel-name="suite-Add_To_Cart_Items" title="ecom.testcases.HomePageTest" class="method navigator-link" hash-for-method="Verify_Home_Page_Image_Test">Verify_Home_Page_Image_Test</a> <!-- method navigator-link -->
                      </span>
                      <br/>
                      <span>
                        <img src="passed.png" width="3%"/>
                        <a href="#" panel-name="suite-Add_To_Cart_Items" title="ecom.testcases.HomePageTest" class="method navigator-link" hash-for-method="Verify_Home_Page_Logo_Test">Verify_Home_Page_Logo_Test</a> <!-- method navigator-link -->
                      </span>
                      <br/>
                      <span>
                        <img src="passed.png" width="3%"/>
                        <a href="#" panel-name="suite-Add_To_Cart_Items" title="ecom.testcases.SearchPageTest" class="method navigator-link" hash-for-method="Verify_Logo_Test">Verify_Logo_Test</a> <!-- method navigator-link -->
                      </span>
                      <br/>
                      <span>
                        <img src="passed.png" width="3%"/>
                        <a href="#" panel-name="suite-Add_To_Cart_Items" title="ecom.testcases.AddtoCartPageTest" class="method navigator-link" hash-for-method="Verify_Navigation_Menu_Test">Verify_Navigation_Menu_Test</a> <!-- method navigator-link -->
                      </span>
                      <br/>
                      <span>
                        <img src="passed.png" width="3%"/>
                        <a href="#" panel-name="suite-Add_To_Cart_Items" title="ecom.testcases.HomePageTest" class="method navigator-link" hash-for-method="Verify_Navigation_Menu_Test">Verify_Navigation_Menu_Test</a> <!-- method navigator-link -->
                      </span>
                      <br/>
                      <span>
                        <img src="passed.png" width="3%"/>
                        <a href="#" panel-name="suite-Add_To_Cart_Items" title="ecom.testcases.ProductDetailsPageTest" class="method navigator-link" hash-for-method="Verify_Navigation_Menu_Test">Verify_Navigation_Menu_Test</a> <!-- method navigator-link -->
                      </span>
                      <br/>
                      <span>
                        <img src="passed.png" width="3%"/>
                        <a href="#" panel-name="suite-Add_To_Cart_Items" title="ecom.testcases.HomePageTest" class="method navigator-link" hash-for-method="Verify_Page_Home_Page_Title_Test">Verify_Page_Home_Page_Title_Test</a> <!-- method navigator-link -->
                      </span>
                      <br/>
                      <span>
                        <img src="passed.png" width="3%"/>
                        <a href="#" panel-name="suite-Add_To_Cart_Items" title="ecom.testcases.ProductDetailsPageTest" class="method navigator-link" hash-for-method="Verify_Page_Logo_Test">Verify_Page_Logo_Test</a> <!-- method navigator-link -->
                      </span>
                      <br/>
                      <span>
                        <img src="passed.png" width="3%"/>
                        <a href="#" panel-name="suite-Add_To_Cart_Items" title="ecom.testcases.AddtoCartPageTest" class="method navigator-link" hash-for-method="Verify_Page_Logo_Test">Verify_Page_Logo_Test</a> <!-- method navigator-link -->
                      </span>
                      <br/>
                      <span>
                        <img src="passed.png" width="3%"/>
                        <a href="#" panel-name="suite-Add_To_Cart_Items" title="ecom.testcases.AddtoCartPageTest" class="method navigator-link" hash-for-method="Verify_Page_Title_Test">Verify_Page_Title_Test</a> <!-- method navigator-link -->
                      </span>
                      <br/>
                      <span>
                        <img src="passed.png" width="3%"/>
                        <a href="#" panel-name="suite-Add_To_Cart_Items" title="ecom.testcases.ProductDetailsPageTest" class="method navigator-link" hash-for-method="Verify_Page_Title_Test">Verify_Page_Title_Test</a> <!-- method navigator-link -->
                      </span>
                      <br/>
                      <span>
                        <img src="passed.png" width="3%"/>
                        <a href="#" panel-name="suite-Add_To_Cart_Items" title="ecom.testcases.SearchPageTest" class="method navigator-link" hash-for-method="Verify_Page_Title_Test">Verify_Page_Title_Test</a> <!-- method navigator-link -->
                      </span>
                      <br/>
                      <span>
                        <img src="passed.png" width="3%"/>
                        <a href="#" panel-name="suite-Add_To_Cart_Items" title="ecom.testcases.HomePageTest" class="method navigator-link" hash-for-method="Verify_Product">Verify_Product</a> <!-- method navigator-link -->
                      </span>
                      <br/>
                      <span>
                        <img src="passed.png" width="3%"/>
                        <a href="#" panel-name="suite-Add_To_Cart_Items" title="ecom.testcases.HomePageTest" class="method navigator-link" hash-for-method="Verify_Search_box_Test">Verify_Search_box_Test</a> <!-- method navigator-link -->
                      </span>
                      <br/>
                      <span>
                        <img src="passed.png" width="3%"/>
                        <a href="#" panel-name="suite-Add_To_Cart_Items" title="ecom.testcases.ProductDetailsPageTest" class="method navigator-link" hash-for-method="Verify_Searchbox_Test">Verify_Searchbox_Test</a> <!-- method navigator-link -->
                      </span>
                      <br/>
                      <span>
                        <img src="passed.png" width="3%"/>
                        <a href="#" panel-name="suite-Add_To_Cart_Items" title="ecom.testcases.AddtoCartPageTest" class="method navigator-link" hash-for-method="Verify_Searchbox_Test">Verify_Searchbox_Test</a> <!-- method navigator-link -->
                      </span>
                      <br/>
                    </div> <!-- method-list-content passed suite-Add_To_Cart_Items -->
                  </li>
                </ul>
              </div> <!-- suite-section-content -->
            </div> <!-- result-section -->
          </div> <!-- navigator-suite-content -->
        </div> <!-- rounded-window -->
      </div> <!-- suite -->
    </div> <!-- navigator-root -->
    <div class="wrapper">
      <div class="main-panel-root">
        <div panel-name="suite-Add_To_Cart_Items" class="panel Add_To_Cart_Items">
          <div class="suite-Add_To_Cart_Items-class-failed">
            <div class="main-panel-header rounded-window-top">
              <img src="failed.png"/>
              <span class="class-name">ecom.testcases.CheckOutPageTest</span>
            </div> <!-- main-panel-header rounded-window-top -->
            <div class="main-panel-content rounded-window-bottom">
              <div class="method">
                <div class="method-content">
                  <a name="VerifyCheckOutFunctionalitywithNagativeValueTest(Kartik, Kartik, Arya, Aryan Appartment, Bhavnagar, 1.0, 1.0)">
                  </a> <!-- VerifyCheckOutFunctionalitywithNagativeValueTest(Kartik, Kartik, Arya, Aryan Appartment, Bhavnagar, 1.0, 1.0) -->
                  <span class="method-name">VerifyCheckOutFunctionalitywithNagativeValueTest</span>
                  <span class="parameters">(Kartik, Kartik, Arya, Aryan Appartment, Bhavnagar, 1.0, 1.0)</span>
                  <div class="stack-trace">org.openqa.selenium.NoSuchElementException: no such element: Unable to locate element: {&quot;method&quot;:&quot;xpath&quot;,&quot;selector&quot;:&quot;//p[@id=&apos;error-for-TextField5&apos;]&quot;}
  (Session info: chrome=125.0.6422.142)
For documentation on this error, please visit: https://www.selenium.dev/documentation/webdriver/troubleshooting/errors#no-such-element-exception
Build info: version: &apos;4.15.0&apos;, revision: &apos;1d14b5521b&apos;
System info: os.name: &apos;Windows 10&apos;, os.arch: &apos;amd64&apos;, os.version: &apos;10.0&apos;, java.version: &apos;17.0.3&apos;
Driver info: org.openqa.selenium.chrome.ChromeDriver
Command: [a544aadaf411312bcd6a6bd64cba522a, findElement {using=xpath, value=//p[@id=&apos;error-for-TextField5&apos;]}]
Capabilities {acceptInsecureCerts: false, browserName: chrome, browserVersion: 125.0.6422.142, chrome: {chromedriverVersion: 124.0.6367.91 (51df0e5e17a8..., userDataDir: C:\Users\BHAUMI~1.GOH\AppDa...}, fedcm:accounts: true, goog:chromeOptions: {debuggerAddress: localhost:51809}, networkConnectionEnabled: false, pageLoadStrategy: normal, platformName: windows, proxy: Proxy(), se:cdp: ws://localhost:51809/devtoo..., se:cdpVersion: 125.0.6422.142, setWindowRect: true, strictFileInteractability: false, timeouts: {implicit: 0, pageLoad: 300000, script: 30000}, unhandledPromptBehavior: dismiss and notify, webauthn:extension:credBlob: true, webauthn:extension:largeBlob: true, webauthn:extension:minPinLength: true, webauthn:extension:prf: true, webauthn:virtualAuthenticators: true}
Session ID: a544aadaf411312bcd6a6bd64cba522a
	at org.openqa.selenium.remote.codec.w3c.W3CHttpResponseCodec.createException(W3CHttpResponseCodec.java:200)
	at org.openqa.selenium.remote.codec.w3c.W3CHttpResponseCodec.decode(W3CHttpResponseCodec.java:133)
	at org.openqa.selenium.remote.codec.w3c.W3CHttpResponseCodec.decode(W3CHttpResponseCodec.java:52)
	at org.openqa.selenium.remote.HttpCommandExecutor.execute(HttpCommandExecutor.java:191)
	at org.openqa.selenium.remote.service.DriverCommandExecutor.invokeExecute(DriverCommandExecutor.java:200)
	at org.openqa.selenium.remote.service.DriverCommandExecutor.execute(DriverCommandExecutor.java:175)
	at org.openqa.selenium.remote.RemoteWebDriver.execute(RemoteWebDriver.java:607)
	at org.openqa.selenium.remote.ElementLocation$ElementFinder$2.findElement(ElementLocation.java:165)
	at org.openqa.selenium.remote.ElementLocation.findElement(ElementLocation.java:59)
	at org.openqa.selenium.remote.RemoteWebDriver.findElement(RemoteWebDriver.java:364)
	at org.openqa.selenium.remote.RemoteWebDriver.findElement(RemoteWebDriver.java:358)
	at org.openqa.selenium.support.pagefactory.DefaultElementLocator.findElement(DefaultElementLocator.java:68)
	at org.openqa.selenium.support.pagefactory.internal.LocatingElementHandler.invoke(LocatingElementHandler.java:38)
	at jdk.proxy2/jdk.proxy2.$Proxy14.getText(Unknown Source)
	at com.pages.CheckoutPage.CheckFieldsValidationsMessagesWithNagativeValue(CheckoutPage.java:134)
	at ecom.testcases.CheckOutPageTest.VerifyCheckOutFunctionalitywithNagativeValueTest(CheckOutPageTest.java:69)
	at java.base/java.util.ArrayList.forEach(ArrayList.java:1511)
... Removed 32 stack frames
</div> <!-- stack-trace -->
                </div> <!-- method-content -->
              </div> <!-- method -->
            </div> <!-- main-panel-content rounded-window-bottom -->
          </div> <!-- suite-Add_To_Cart_Items-class-failed -->
          <div class="suite-Add_To_Cart_Items-class-skipped">
            <div class="main-panel-header rounded-window-top">
              <img src="skipped.png"/>
              <span class="class-name">ecom.testcases.AddtoCartPageTest</span>
            </div> <!-- main-panel-header rounded-window-top -->
            <div class="main-panel-content rounded-window-bottom">
              <div class="method">
                <div class="method-content">
                  <a name="Click_on_Checkout_button_Test">
                  </a> <!-- Click_on_Checkout_button_Test -->
                  <span class="method-name">Click_on_Checkout_button_Test</span>
                  <div class="stack-trace">org.openqa.selenium.TimeoutException: java.util.concurrent.TimeoutException
Build info: version: &apos;4.15.0&apos;, revision: &apos;1d14b5521b&apos;
System info: os.name: &apos;Windows 10&apos;, os.arch: &apos;amd64&apos;, os.version: &apos;10.0&apos;, java.version: &apos;17.0.3&apos;
Driver info: org.openqa.selenium.chrome.ChromeDriver
Command: [94c14d1ad7f7d0c407debe5c1a000df0, clickElement {id=f.A08BE4F4D2116AB6A6CC78FAC1E1262C.d.596365F81C469EE10E79A249E0CBA32D.e.16}]
Capabilities {acceptInsecureCerts: false, browserName: chrome, browserVersion: 125.0.6422.142, chrome: {chromedriverVersion: 124.0.6367.91 (51df0e5e17a8..., userDataDir: C:\Users\BHAUMI~1.GOH\AppDa...}, fedcm:accounts: true, goog:chromeOptions: {debuggerAddress: localhost:51389}, networkConnectionEnabled: false, pageLoadStrategy: normal, platformName: windows, proxy: Proxy(), se:cdp: ws://localhost:51389/devtoo..., se:cdpVersion: 125.0.6422.142, setWindowRect: true, strictFileInteractability: false, timeouts: {implicit: 0, pageLoad: 300000, script: 30000}, unhandledPromptBehavior: dismiss and notify, webauthn:extension:credBlob: true, webauthn:extension:largeBlob: true, webauthn:extension:minPinLength: true, webauthn:extension:prf: true, webauthn:virtualAuthenticators: true}
Element: [[ChromeDriver: chrome on windows (94c14d1ad7f7d0c407debe5c1a000df0)] -&gt; xpath: //a[contains(text(),&apos;HomeGalore Premium Document Organizer Bag&apos;)]]
Session ID: 94c14d1ad7f7d0c407debe5c1a000df0
	at org.openqa.selenium.remote.http.jdk.JdkHttpClient.execute0(JdkHttpClient.java:410)
	at org.openqa.selenium.remote.http.AddSeleniumUserAgent.lambda$apply$0(AddSeleniumUserAgent.java:42)
	at org.openqa.selenium.remote.http.Filter.lambda$andFinally$1(Filter.java:55)
	at org.openqa.selenium.remote.http.jdk.JdkHttpClient.execute(JdkHttpClient.java:366)
	at org.openqa.selenium.remote.HttpCommandExecutor.execute(HttpCommandExecutor.java:188)
	at org.openqa.selenium.remote.service.DriverCommandExecutor.invokeExecute(DriverCommandExecutor.java:200)
	at org.openqa.selenium.remote.service.DriverCommandExecutor.execute(DriverCommandExecutor.java:175)
	at org.openqa.selenium.remote.RemoteWebDriver.execute(RemoteWebDriver.java:607)
	at org.openqa.selenium.remote.RemoteWebElement.execute(RemoteWebElement.java:224)
	at org.openqa.selenium.remote.RemoteWebElement.click(RemoteWebElement.java:77)
	at org.openqa.selenium.support.pagefactory.internal.LocatingElementHandler.invoke(LocatingElementHandler.java:51)
	at jdk.proxy2/jdk.proxy2.$Proxy14.click(Unknown Source)
	at com.pages.HomePage.Click_On_Product(HomePage.java:94)
	at ecom.testcases.AddtoCartPageTest.setup(AddtoCartPageTest.java:32)
	at java.base/java.util.ArrayList.forEach(ArrayList.java:1511)
Caused by: java.util.concurrent.TimeoutException
	at java.base/java.util.concurrent.CompletableFuture.timedGet(CompletableFuture.java:1960)
	at java.base/java.util.concurrent.CompletableFuture.get(CompletableFuture.java:2095)
	at org.openqa.selenium.remote.http.jdk.JdkHttpClient.execute0(JdkHttpClient.java:393)
	... 48 more
... Removed 34 stack frames
</div> <!-- stack-trace -->
                </div> <!-- method-content -->
              </div> <!-- method -->
              <div class="method">
                <div class="method-content">
                  <a name="Verify_Cart_Decrease_Qty_Test">
                  </a> <!-- Verify_Cart_Decrease_Qty_Test -->
                  <span class="method-name">Verify_Cart_Decrease_Qty_Test</span>
                  <div class="stack-trace">org.openqa.selenium.TimeoutException: java.util.concurrent.TimeoutException
Build info: version: &apos;4.15.0&apos;, revision: &apos;1d14b5521b&apos;
System info: os.name: &apos;Windows 10&apos;, os.arch: &apos;amd64&apos;, os.version: &apos;10.0&apos;, java.version: &apos;17.0.3&apos;
Driver info: org.openqa.selenium.chrome.ChromeDriver
Command: [94c14d1ad7f7d0c407debe5c1a000df0, clickElement {id=f.A08BE4F4D2116AB6A6CC78FAC1E1262C.d.596365F81C469EE10E79A249E0CBA32D.e.16}]
Capabilities {acceptInsecureCerts: false, browserName: chrome, browserVersion: 125.0.6422.142, chrome: {chromedriverVersion: 124.0.6367.91 (51df0e5e17a8..., userDataDir: C:\Users\BHAUMI~1.GOH\AppDa...}, fedcm:accounts: true, goog:chromeOptions: {debuggerAddress: localhost:51389}, networkConnectionEnabled: false, pageLoadStrategy: normal, platformName: windows, proxy: Proxy(), se:cdp: ws://localhost:51389/devtoo..., se:cdpVersion: 125.0.6422.142, setWindowRect: true, strictFileInteractability: false, timeouts: {implicit: 0, pageLoad: 300000, script: 30000}, unhandledPromptBehavior: dismiss and notify, webauthn:extension:credBlob: true, webauthn:extension:largeBlob: true, webauthn:extension:minPinLength: true, webauthn:extension:prf: true, webauthn:virtualAuthenticators: true}
Element: [[ChromeDriver: chrome on windows (94c14d1ad7f7d0c407debe5c1a000df0)] -&gt; xpath: //a[contains(text(),&apos;HomeGalore Premium Document Organizer Bag&apos;)]]
Session ID: 94c14d1ad7f7d0c407debe5c1a000df0
	at org.openqa.selenium.remote.http.jdk.JdkHttpClient.execute0(JdkHttpClient.java:410)
	at org.openqa.selenium.remote.http.AddSeleniumUserAgent.lambda$apply$0(AddSeleniumUserAgent.java:42)
	at org.openqa.selenium.remote.http.Filter.lambda$andFinally$1(Filter.java:55)
	at org.openqa.selenium.remote.http.jdk.JdkHttpClient.execute(JdkHttpClient.java:366)
	at org.openqa.selenium.remote.HttpCommandExecutor.execute(HttpCommandExecutor.java:188)
	at org.openqa.selenium.remote.service.DriverCommandExecutor.invokeExecute(DriverCommandExecutor.java:200)
	at org.openqa.selenium.remote.service.DriverCommandExecutor.execute(DriverCommandExecutor.java:175)
	at org.openqa.selenium.remote.RemoteWebDriver.execute(RemoteWebDriver.java:607)
	at org.openqa.selenium.remote.RemoteWebElement.execute(RemoteWebElement.java:224)
	at org.openqa.selenium.remote.RemoteWebElement.click(RemoteWebElement.java:77)
	at org.openqa.selenium.support.pagefactory.internal.LocatingElementHandler.invoke(LocatingElementHandler.java:51)
	at jdk.proxy2/jdk.proxy2.$Proxy14.click(Unknown Source)
	at com.pages.HomePage.Click_On_Product(HomePage.java:94)
	at ecom.testcases.AddtoCartPageTest.setup(AddtoCartPageTest.java:32)
	at java.base/java.util.ArrayList.forEach(ArrayList.java:1511)
Caused by: java.util.concurrent.TimeoutException
	at java.base/java.util.concurrent.CompletableFuture.timedGet(CompletableFuture.java:1960)
	at java.base/java.util.concurrent.CompletableFuture.get(CompletableFuture.java:2095)
	at org.openqa.selenium.remote.http.jdk.JdkHttpClient.execute0(JdkHttpClient.java:393)
	... 48 more
... Removed 34 stack frames
</div> <!-- stack-trace -->
                </div> <!-- method-content -->
              </div> <!-- method -->
              <div class="method">
                <div class="method-content">
                  <a name="Verify_Cart_Qty_Increase_Test">
                  </a> <!-- Verify_Cart_Qty_Increase_Test -->
                  <span class="method-name">Verify_Cart_Qty_Increase_Test</span>
                  <div class="stack-trace">org.openqa.selenium.TimeoutException: java.util.concurrent.TimeoutException
Build info: version: &apos;4.15.0&apos;, revision: &apos;1d14b5521b&apos;
System info: os.name: &apos;Windows 10&apos;, os.arch: &apos;amd64&apos;, os.version: &apos;10.0&apos;, java.version: &apos;17.0.3&apos;
Driver info: org.openqa.selenium.chrome.ChromeDriver
Command: [94c14d1ad7f7d0c407debe5c1a000df0, clickElement {id=f.A08BE4F4D2116AB6A6CC78FAC1E1262C.d.596365F81C469EE10E79A249E0CBA32D.e.16}]
Capabilities {acceptInsecureCerts: false, browserName: chrome, browserVersion: 125.0.6422.142, chrome: {chromedriverVersion: 124.0.6367.91 (51df0e5e17a8..., userDataDir: C:\Users\BHAUMI~1.GOH\AppDa...}, fedcm:accounts: true, goog:chromeOptions: {debuggerAddress: localhost:51389}, networkConnectionEnabled: false, pageLoadStrategy: normal, platformName: windows, proxy: Proxy(), se:cdp: ws://localhost:51389/devtoo..., se:cdpVersion: 125.0.6422.142, setWindowRect: true, strictFileInteractability: false, timeouts: {implicit: 0, pageLoad: 300000, script: 30000}, unhandledPromptBehavior: dismiss and notify, webauthn:extension:credBlob: true, webauthn:extension:largeBlob: true, webauthn:extension:minPinLength: true, webauthn:extension:prf: true, webauthn:virtualAuthenticators: true}
Element: [[ChromeDriver: chrome on windows (94c14d1ad7f7d0c407debe5c1a000df0)] -&gt; xpath: //a[contains(text(),&apos;HomeGalore Premium Document Organizer Bag&apos;)]]
Session ID: 94c14d1ad7f7d0c407debe5c1a000df0
	at org.openqa.selenium.remote.http.jdk.JdkHttpClient.execute0(JdkHttpClient.java:410)
	at org.openqa.selenium.remote.http.AddSeleniumUserAgent.lambda$apply$0(AddSeleniumUserAgent.java:42)
	at org.openqa.selenium.remote.http.Filter.lambda$andFinally$1(Filter.java:55)
	at org.openqa.selenium.remote.http.jdk.JdkHttpClient.execute(JdkHttpClient.java:366)
	at org.openqa.selenium.remote.HttpCommandExecutor.execute(HttpCommandExecutor.java:188)
	at org.openqa.selenium.remote.service.DriverCommandExecutor.invokeExecute(DriverCommandExecutor.java:200)
	at org.openqa.selenium.remote.service.DriverCommandExecutor.execute(DriverCommandExecutor.java:175)
	at org.openqa.selenium.remote.RemoteWebDriver.execute(RemoteWebDriver.java:607)
	at org.openqa.selenium.remote.RemoteWebElement.execute(RemoteWebElement.java:224)
	at org.openqa.selenium.remote.RemoteWebElement.click(RemoteWebElement.java:77)
	at org.openqa.selenium.support.pagefactory.internal.LocatingElementHandler.invoke(LocatingElementHandler.java:51)
	at jdk.proxy2/jdk.proxy2.$Proxy14.click(Unknown Source)
	at com.pages.HomePage.Click_On_Product(HomePage.java:94)
	at ecom.testcases.AddtoCartPageTest.setup(AddtoCartPageTest.java:32)
	at java.base/java.util.ArrayList.forEach(ArrayList.java:1511)
Caused by: java.util.concurrent.TimeoutException
	at java.base/java.util.concurrent.CompletableFuture.timedGet(CompletableFuture.java:1960)
	at java.base/java.util.concurrent.CompletableFuture.get(CompletableFuture.java:2095)
	at org.openqa.selenium.remote.http.jdk.JdkHttpClient.execute0(JdkHttpClient.java:393)
	... 48 more
... Removed 34 stack frames
</div> <!-- stack-trace -->
                </div> <!-- method-content -->
              </div> <!-- method -->
            </div> <!-- main-panel-content rounded-window-bottom -->
          </div> <!-- suite-Add_To_Cart_Items-class-skipped -->
          <div class="suite-Add_To_Cart_Items-class-skipped">
            <div class="main-panel-header rounded-window-top">
              <img src="skipped.png"/>
              <span class="class-name">ecom.testcases.SearchPageTest</span>
            </div> <!-- main-panel-header rounded-window-top -->
            <div class="main-panel-content rounded-window-bottom">
              <div class="method">
                <div class="method-content">
                  <a name="Verify_Invali_Search_Functionality_Test">
                  </a> <!-- Verify_Invali_Search_Functionality_Test -->
                  <span class="method-name">Verify_Invali_Search_Functionality_Test</span>
                  <div class="stack-trace">org.openqa.selenium.NoSuchWindowException: no such window: target window already closed
from unknown error: web view not found
  (Session info: chrome=125.0.6422.142)
Build info: version: &apos;4.15.0&apos;, revision: &apos;1d14b5521b&apos;
System info: os.name: &apos;Windows 10&apos;, os.arch: &apos;amd64&apos;, os.version: &apos;10.0&apos;, java.version: &apos;17.0.3&apos;
Driver info: org.openqa.selenium.chrome.ChromeDriver
Command: [e3aa22f78b57bc94987cce0b33679d81, findElement {using=xpath, value=//img[@class=&apos;lazyload desktop-img&apos;]}]
Capabilities {acceptInsecureCerts: false, browserName: chrome, browserVersion: 125.0.6422.142, chrome: {chromedriverVersion: 124.0.6367.91 (51df0e5e17a8..., userDataDir: C:\Users\BHAUMI~1.GOH\AppDa...}, fedcm:accounts: true, goog:chromeOptions: {debuggerAddress: localhost:52057}, networkConnectionEnabled: false, pageLoadStrategy: normal, platformName: windows, proxy: Proxy(), se:cdp: ws://localhost:52057/devtoo..., se:cdpVersion: 125.0.6422.142, setWindowRect: true, strictFileInteractability: false, timeouts: {implicit: 0, pageLoad: 300000, script: 30000}, unhandledPromptBehavior: dismiss and notify, webauthn:extension:credBlob: true, webauthn:extension:largeBlob: true, webauthn:extension:minPinLength: true, webauthn:extension:prf: true, webauthn:virtualAuthenticators: true}
Session ID: e3aa22f78b57bc94987cce0b33679d81
	at org.openqa.selenium.remote.codec.w3c.W3CHttpResponseCodec.createException(W3CHttpResponseCodec.java:200)
	at org.openqa.selenium.remote.codec.w3c.W3CHttpResponseCodec.decode(W3CHttpResponseCodec.java:133)
	at org.openqa.selenium.remote.codec.w3c.W3CHttpResponseCodec.decode(W3CHttpResponseCodec.java:52)
	at org.openqa.selenium.remote.HttpCommandExecutor.execute(HttpCommandExecutor.java:191)
	at org.openqa.selenium.remote.service.DriverCommandExecutor.invokeExecute(DriverCommandExecutor.java:200)
	at org.openqa.selenium.remote.service.DriverCommandExecutor.execute(DriverCommandExecutor.java:175)
	at org.openqa.selenium.remote.RemoteWebDriver.execute(RemoteWebDriver.java:607)
	at org.openqa.selenium.remote.ElementLocation$ElementFinder$2.findElement(ElementLocation.java:165)
	at org.openqa.selenium.remote.ElementLocation.findElement(ElementLocation.java:59)
	at org.openqa.selenium.remote.RemoteWebDriver.findElement(RemoteWebDriver.java:364)
	at org.openqa.selenium.remote.RemoteWebDriver.findElement(RemoteWebDriver.java:358)
	at ecom.TestBase.initilization(TestBase.java:65)
	at ecom.testcases.SearchPageTest.setup(SearchPageTest.java:26)
	at java.base/java.util.ArrayList.forEach(ArrayList.java:1511)
... Removed 36 stack frames
</div> <!-- stack-trace -->
                </div> <!-- method-content -->
              </div> <!-- method -->
              <div class="method">
                <div class="method-content">
                  <a name="Verify_Product_On_Search_Page_Test">
                  </a> <!-- Verify_Product_On_Search_Page_Test -->
                  <span class="method-name">Verify_Product_On_Search_Page_Test</span>
                  <div class="stack-trace">org.openqa.selenium.NoSuchWindowException: no such window: target window already closed
from unknown error: web view not found
  (Session info: chrome=125.0.6422.142)
Build info: version: &apos;4.15.0&apos;, revision: &apos;1d14b5521b&apos;
System info: os.name: &apos;Windows 10&apos;, os.arch: &apos;amd64&apos;, os.version: &apos;10.0&apos;, java.version: &apos;17.0.3&apos;
Driver info: org.openqa.selenium.chrome.ChromeDriver
Command: [e3aa22f78b57bc94987cce0b33679d81, findElement {using=xpath, value=//img[@class=&apos;lazyload desktop-img&apos;]}]
Capabilities {acceptInsecureCerts: false, browserName: chrome, browserVersion: 125.0.6422.142, chrome: {chromedriverVersion: 124.0.6367.91 (51df0e5e17a8..., userDataDir: C:\Users\BHAUMI~1.GOH\AppDa...}, fedcm:accounts: true, goog:chromeOptions: {debuggerAddress: localhost:52057}, networkConnectionEnabled: false, pageLoadStrategy: normal, platformName: windows, proxy: Proxy(), se:cdp: ws://localhost:52057/devtoo..., se:cdpVersion: 125.0.6422.142, setWindowRect: true, strictFileInteractability: false, timeouts: {implicit: 0, pageLoad: 300000, script: 30000}, unhandledPromptBehavior: dismiss and notify, webauthn:extension:credBlob: true, webauthn:extension:largeBlob: true, webauthn:extension:minPinLength: true, webauthn:extension:prf: true, webauthn:virtualAuthenticators: true}
Session ID: e3aa22f78b57bc94987cce0b33679d81
	at org.openqa.selenium.remote.codec.w3c.W3CHttpResponseCodec.createException(W3CHttpResponseCodec.java:200)
	at org.openqa.selenium.remote.codec.w3c.W3CHttpResponseCodec.decode(W3CHttpResponseCodec.java:133)
	at org.openqa.selenium.remote.codec.w3c.W3CHttpResponseCodec.decode(W3CHttpResponseCodec.java:52)
	at org.openqa.selenium.remote.HttpCommandExecutor.execute(HttpCommandExecutor.java:191)
	at org.openqa.selenium.remote.service.DriverCommandExecutor.invokeExecute(DriverCommandExecutor.java:200)
	at org.openqa.selenium.remote.service.DriverCommandExecutor.execute(DriverCommandExecutor.java:175)
	at org.openqa.selenium.remote.RemoteWebDriver.execute(RemoteWebDriver.java:607)
	at org.openqa.selenium.remote.ElementLocation$ElementFinder$2.findElement(ElementLocation.java:165)
	at org.openqa.selenium.remote.ElementLocation.findElement(ElementLocation.java:59)
	at org.openqa.selenium.remote.RemoteWebDriver.findElement(RemoteWebDriver.java:364)
	at org.openqa.selenium.remote.RemoteWebDriver.findElement(RemoteWebDriver.java:358)
	at ecom.TestBase.initilization(TestBase.java:65)
	at ecom.testcases.SearchPageTest.setup(SearchPageTest.java:26)
	at java.base/java.util.ArrayList.forEach(ArrayList.java:1511)
... Removed 36 stack frames
</div> <!-- stack-trace -->
                </div> <!-- method-content -->
              </div> <!-- method -->
            </div> <!-- main-panel-content rounded-window-bottom -->
          </div> <!-- suite-Add_To_Cart_Items-class-skipped -->
          <div class="suite-Add_To_Cart_Items-class-passed">
            <div class="main-panel-header rounded-window-top">
              <img src="passed.png"/>
              <span class="class-name">ecom.testcases.HomePageTest</span>
            </div> <!-- main-panel-header rounded-window-top -->
            <div class="main-panel-content rounded-window-bottom">
              <div class="method">
                <div class="method-content">
                  <a name="Validate_Search_Functionality">
                  </a> <!-- Validate_Search_Functionality -->
                  <span class="method-name">Validate_Search_Functionality</span>
                </div> <!-- method-content -->
              </div> <!-- method -->
              <div class="method">
                <div class="method-content">
                  <a name="Verify_Cart_Test">
                  </a> <!-- Verify_Cart_Test -->
                  <span class="method-name">Verify_Cart_Test</span>
                </div> <!-- method-content -->
              </div> <!-- method -->
              <div class="method">
                <div class="method-content">
                  <a name="Verify_Footer_Section_Test">
                  </a> <!-- Verify_Footer_Section_Test -->
                  <span class="method-name">Verify_Footer_Section_Test</span>
                </div> <!-- method-content -->
              </div> <!-- method -->
              <div class="method">
                <div class="method-content">
                  <a name="Verify_Home_Page_Image_Test">
                  </a> <!-- Verify_Home_Page_Image_Test -->
                  <span class="method-name">Verify_Home_Page_Image_Test</span>
                </div> <!-- method-content -->
              </div> <!-- method -->
              <div class="method">
                <div class="method-content">
                  <a name="Verify_Home_Page_Logo_Test">
                  </a> <!-- Verify_Home_Page_Logo_Test -->
                  <span class="method-name">Verify_Home_Page_Logo_Test</span>
                </div> <!-- method-content -->
              </div> <!-- method -->
              <div class="method">
                <div class="method-content">
                  <a name="Verify_Navigation_Menu_Test">
                  </a> <!-- Verify_Navigation_Menu_Test -->
                  <span class="method-name">Verify_Navigation_Menu_Test</span>
                </div> <!-- method-content -->
              </div> <!-- method -->
              <div class="method">
                <div class="method-content">
                  <a name="Verify_Page_Home_Page_Title_Test">
                  </a> <!-- Verify_Page_Home_Page_Title_Test -->
                  <span class="method-name">Verify_Page_Home_Page_Title_Test</span>
                </div> <!-- method-content -->
              </div> <!-- method -->
              <div class="method">
                <div class="method-content">
                  <a name="Verify_Product">
                  </a> <!-- Verify_Product -->
                  <span class="method-name">Verify_Product</span>
                </div> <!-- method-content -->
              </div> <!-- method -->
              <div class="method">
                <div class="method-content">
                  <a name="Verify_Search_box_Test">
                  </a> <!-- Verify_Search_box_Test -->
                  <span class="method-name">Verify_Search_box_Test</span>
                </div> <!-- method-content -->
              </div> <!-- method -->
            </div> <!-- main-panel-content rounded-window-bottom -->
          </div> <!-- suite-Add_To_Cart_Items-class-passed -->
          <div class="suite-Add_To_Cart_Items-class-passed">
            <div class="main-panel-header rounded-window-top">
              <img src="passed.png"/>
              <span class="class-name">ecom.testcases.AddtoCartPageTest</span>
            </div> <!-- main-panel-header rounded-window-top -->
            <div class="main-panel-content rounded-window-bottom">
              <div class="method">
                <div class="method-content">
                  <a name="Verify_CartPage_Text_Test">
                  </a> <!-- Verify_CartPage_Text_Test -->
                  <span class="method-name">Verify_CartPage_Text_Test</span>
                </div> <!-- method-content -->
              </div> <!-- method -->
              <div class="method">
                <div class="method-content">
                  <a name="Verify_Navigation_Menu_Test">
                  </a> <!-- Verify_Navigation_Menu_Test -->
                  <span class="method-name">Verify_Navigation_Menu_Test</span>
                </div> <!-- method-content -->
              </div> <!-- method -->
              <div class="method">
                <div class="method-content">
                  <a name="Verify_Page_Logo_Test">
                  </a> <!-- Verify_Page_Logo_Test -->
                  <span class="method-name">Verify_Page_Logo_Test</span>
                </div> <!-- method-content -->
              </div> <!-- method -->
              <div class="method">
                <div class="method-content">
                  <a name="Verify_Page_Title_Test">
                  </a> <!-- Verify_Page_Title_Test -->
                  <span class="method-name">Verify_Page_Title_Test</span>
                </div> <!-- method-content -->
              </div> <!-- method -->
              <div class="method">
                <div class="method-content">
                  <a name="Verify_Searchbox_Test">
                  </a> <!-- Verify_Searchbox_Test -->
                  <span class="method-name">Verify_Searchbox_Test</span>
                </div> <!-- method-content -->
              </div> <!-- method -->
            </div> <!-- main-panel-content rounded-window-bottom -->
          </div> <!-- suite-Add_To_Cart_Items-class-passed -->
          <div class="suite-Add_To_Cart_Items-class-passed">
            <div class="main-panel-header rounded-window-top">
              <img src="passed.png"/>
              <span class="class-name">ecom.testcases.ProductDetailsPageTest</span>
            </div> <!-- main-panel-header rounded-window-top -->
            <div class="main-panel-content rounded-window-bottom">
              <div class="method">
                <div class="method-content">
                  <a name="Verify_Add_to_Cart_Functionality_Test">
                  </a> <!-- Verify_Add_to_Cart_Functionality_Test -->
                  <span class="method-name">Verify_Add_to_Cart_Functionality_Test</span>
                </div> <!-- method-content -->
              </div> <!-- method -->
              <div class="method">
                <div class="method-content">
                  <a name="Verify_Cart_Test">
                  </a> <!-- Verify_Cart_Test -->
                  <span class="method-name">Verify_Cart_Test</span>
                </div> <!-- method-content -->
              </div> <!-- method -->
              <div class="method">
                <div class="method-content">
                  <a name="Verify_Navigation_Menu_Test">
                  </a> <!-- Verify_Navigation_Menu_Test -->
                  <span class="method-name">Verify_Navigation_Menu_Test</span>
                </div> <!-- method-content -->
              </div> <!-- method -->
              <div class="method">
                <div class="method-content">
                  <a name="Verify_Page_Logo_Test">
                  </a> <!-- Verify_Page_Logo_Test -->
                  <span class="method-name">Verify_Page_Logo_Test</span>
                </div> <!-- method-content -->
              </div> <!-- method -->
              <div class="method">
                <div class="method-content">
                  <a name="Verify_Page_Title_Test">
                  </a> <!-- Verify_Page_Title_Test -->
                  <span class="method-name">Verify_Page_Title_Test</span>
                </div> <!-- method-content -->
              </div> <!-- method -->
              <div class="method">
                <div class="method-content">
                  <a name="Verify_Searchbox_Test">
                  </a> <!-- Verify_Searchbox_Test -->
                  <span class="method-name">Verify_Searchbox_Test</span>
                </div> <!-- method-content -->
              </div> <!-- method -->
            </div> <!-- main-panel-content rounded-window-bottom -->
          </div> <!-- suite-Add_To_Cart_Items-class-passed -->
          <div class="suite-Add_To_Cart_Items-class-passed">
            <div class="main-panel-header rounded-window-top">
              <img src="passed.png"/>
              <span class="class-name">ecom.testcases.CartPageTest</span>
            </div> <!-- main-panel-header rounded-window-top -->
            <div class="main-panel-content rounded-window-bottom">
              <div class="method">
                <div class="method-content">
                  <a name="Verify_Empty_Cart_Heading_Test">
                  </a> <!-- Verify_Empty_Cart_Heading_Test -->
                  <span class="method-name">Verify_Empty_Cart_Heading_Test</span>
                </div> <!-- method-content -->
              </div> <!-- method -->
              <div class="method">
                <div class="method-content">
                  <a name="Verify_Empty_Cart_Items_Test">
                  </a> <!-- Verify_Empty_Cart_Items_Test -->
                  <span class="method-name">Verify_Empty_Cart_Items_Test</span>
                </div> <!-- method-content -->
              </div> <!-- method -->
            </div> <!-- main-panel-content rounded-window-bottom -->
          </div> <!-- suite-Add_To_Cart_Items-class-passed -->
          <div class="suite-Add_To_Cart_Items-class-passed">
            <div class="main-panel-header rounded-window-top">
              <img src="passed.png"/>
              <span class="class-name">ecom.testcases.CheckOutPageTest</span>
            </div> <!-- main-panel-header rounded-window-top -->
            <div class="main-panel-content rounded-window-bottom">
              <div class="method">
                <div class="method-content">
                  <a name="CheckOutRequiredFieldValidationTest">
                  </a> <!-- CheckOutRequiredFieldValidationTest -->
                  <span class="method-name">CheckOutRequiredFieldValidationTest</span>
                </div> <!-- method-content -->
              </div> <!-- method -->
              <div class="method">
                <div class="method-content">
                  <a name="Check_Check_Out_Page_Title_Test">
                  </a> <!-- Check_Check_Out_Page_Title_Test -->
                  <span class="method-name">Check_Check_Out_Page_Title_Test</span>
                </div> <!-- method-content -->
              </div> <!-- method -->
              <div class="method">
                <div class="method-content">
                  <a name="VerifyCheckOutFunctionalitywithNagativeValueTest(Nikunj, Nikunj, Trivedi, Trivedi, Rajkot, 0.0, 5.0)">
                  </a> <!-- VerifyCheckOutFunctionalitywithNagativeValueTest(Nikunj, Nikunj, Trivedi, Trivedi, Rajkot, 0.0, 5.0) -->
                  <span class="method-name">VerifyCheckOutFunctionalitywithNagativeValueTest</span>
                  <span class="parameters">(Nikunj, Nikunj, Trivedi, Trivedi, Rajkot, 0.0, 5.0)</span>
                </div> <!-- method-content -->
              </div> <!-- method -->
              <div class="method">
                <div class="method-content">
                  <a name="VerifyCheckOutFunctionalitywithNagativeValueTest(bhaumik, Bhaumik, Gohel, Gota VasantNagar, Ahmedabad, 1.0, 1.0)">
                  </a> <!-- VerifyCheckOutFunctionalitywithNagativeValueTest(bhaumik, Bhaumik, Gohel, Gota VasantNagar, Ahmedabad, 1.0, 1.0) -->
                  <span class="method-name">VerifyCheckOutFunctionalitywithNagativeValueTest</span>
                  <span class="parameters">(bhaumik, Bhaumik, Gohel, Gota VasantNagar, Ahmedabad, 1.0, 1.0)</span>
                </div> <!-- method-content -->
              </div> <!-- method -->
            </div> <!-- main-panel-content rounded-window-bottom -->
          </div> <!-- suite-Add_To_Cart_Items-class-passed -->
          <div class="suite-Add_To_Cart_Items-class-passed">
            <div class="main-panel-header rounded-window-top">
              <img src="passed.png"/>
              <span class="class-name">ecom.testcases.SearchPageTest</span>
            </div> <!-- main-panel-header rounded-window-top -->
            <div class="main-panel-content rounded-window-bottom">
              <div class="method">
                <div class="method-content">
                  <a name="Verify_Logo_Test">
                  </a> <!-- Verify_Logo_Test -->
                  <span class="method-name">Verify_Logo_Test</span>
                </div> <!-- method-content -->
              </div> <!-- method -->
              <div class="method">
                <div class="method-content">
                  <a name="Verify_Page_Title_Test">
                  </a> <!-- Verify_Page_Title_Test -->
                  <span class="method-name">Verify_Page_Title_Test</span>
                </div> <!-- method-content -->
              </div> <!-- method -->
            </div> <!-- main-panel-content rounded-window-bottom -->
          </div> <!-- suite-Add_To_Cart_Items-class-passed -->
        </div> <!-- panel Add_To_Cart_Items -->
        <div panel-name="test-xml-Add_To_Cart_Items" class="panel">
          <div class="main-panel-header rounded-window-top">
            <span class="header-content">D:\Automation\ecom\testng.xml</span>
          </div> <!-- main-panel-header rounded-window-top -->
          <div class="main-panel-content rounded-window-bottom">
            <pre>
&lt;?xml version=&quot;1.0&quot; encoding=&quot;UTF-8&quot;?&gt;
&lt;!DOCTYPE suite SYSTEM &quot;https://testng.org/testng-1.0.dtd&quot;&gt;
&lt;suite name=&quot;Add To Cart Items&quot; guice-stage=&quot;DEVELOPMENT&quot;&gt;
  &lt;test thread-count=&quot;5&quot; name=&quot;Check Add To Cart Items&quot;&gt;
    &lt;classes&gt;
      &lt;class name=&quot;ecom.testcases.HomePageTest&quot;/&gt;
      &lt;class name=&quot;ecom.testcases.ProductDetailsPageTest&quot;/&gt;
      &lt;class name=&quot;ecom.testcases.AddtoCartPageTest&quot;/&gt;
      &lt;class name=&quot;ecom.testcases.CartPageTest&quot;/&gt;
      &lt;class name=&quot;ecom.testcases.CheckOutPageTest&quot;/&gt;
      &lt;class name=&quot;ecom.testcases.SearchPageTest&quot;/&gt;
    &lt;/classes&gt;
  &lt;/test&gt; &lt;!-- Check Add To Cart Items --&gt;
&lt;/suite&gt; &lt;!-- Add To Cart Items --&gt;
            </pre>
          </div> <!-- main-panel-content rounded-window-bottom -->
        </div> <!-- panel -->
        <div panel-name="testlist-Add_To_Cart_Items" class="panel">
          <div class="main-panel-header rounded-window-top">
            <span class="header-content">Tests for Add To Cart Items</span>
          </div> <!-- main-panel-header rounded-window-top -->
          <div class="main-panel-content rounded-window-bottom">
            <ul>
              <li>
                <span class="test-name">Check Add To Cart Items (6 classes)</span>
              </li>
            </ul>
          </div> <!-- main-panel-content rounded-window-bottom -->
        </div> <!-- panel -->
        <div panel-name="group-Add_To_Cart_Items" class="panel">
          <div class="main-panel-header rounded-window-top">
            <span class="header-content">Groups for Add To Cart Items</span>
          </div> <!-- main-panel-header rounded-window-top -->
          <div class="main-panel-content rounded-window-bottom">
          </div> <!-- main-panel-content rounded-window-bottom -->
        </div> <!-- panel -->
        <div panel-name="times-Add_To_Cart_Items" class="panel">
          <div class="main-panel-header rounded-window-top">
            <span class="header-content">Times for Add To Cart Items</span>
          </div> <!-- main-panel-header rounded-window-top -->
          <div class="main-panel-content rounded-window-bottom">
            <div class="times-div">
              <script type="text/javascript">
suiteTableInitFunctions.push('tableData_Add_To_Cart_Items');
function tableData_Add_To_Cart_Items() {
var data = new google.visualization.DataTable();
data.addColumn('number', 'Number');
data.addColumn('string', 'Method');
data.addColumn('string', 'Class');
data.addColumn('number', 'Time (ms)');
data.addRows(34);
data.setCell(0, 0, 0)
data.setCell(0, 1, 'Validate_Search_Functionality')
data.setCell(0, 2, 'ecom.testcases.HomePageTest')
data.setCell(0, 3, 26228);
data.setCell(1, 0, 1)
data.setCell(1, 1, 'Verify_Product')
data.setCell(1, 2, 'ecom.testcases.HomePageTest')
data.setCell(1, 3, 19414);
data.setCell(2, 0, 2)
data.setCell(2, 1, 'VerifyCheckOutFunctionalitywithNagativeValueTest')
data.setCell(2, 2, 'ecom.testcases.CheckOutPageTest')
data.setCell(2, 3, 13865);
data.setCell(3, 0, 3)
data.setCell(3, 1, 'VerifyCheckOutFunctionalitywithNagativeValueTest')
data.setCell(3, 2, 'ecom.testcases.CheckOutPageTest')
data.setCell(3, 3, 13489);
data.setCell(4, 0, 4)
data.setCell(4, 1, 'VerifyCheckOutFunctionalitywithNagativeValueTest')
data.setCell(4, 2, 'ecom.testcases.CheckOutPageTest')
data.setCell(4, 3, 13267);
data.setCell(5, 0, 5)
data.setCell(5, 1, 'CheckOutRequiredFieldValidationTest')
data.setCell(5, 2, 'ecom.testcases.CheckOutPageTest')
data.setCell(5, 3, 12739);
data.setCell(6, 0, 6)
data.setCell(6, 1, 'Verify_Add_to_Cart_Functionality_Test')
data.setCell(6, 2, 'ecom.testcases.ProductDetailsPageTest')
data.setCell(6, 3, 3908);
data.setCell(7, 0, 7)
data.setCell(7, 1, 'Verify_Empty_Cart_Items_Test')
data.setCell(7, 2, 'ecom.testcases.CartPageTest')
data.setCell(7, 3, 2033);
data.setCell(8, 0, 8)
data.setCell(8, 1, 'Verify_CartPage_Text_Test')
data.setCell(8, 2, 'ecom.testcases.AddtoCartPageTest')
data.setCell(8, 3, 172);
data.setCell(9, 0, 9)
data.setCell(9, 1, 'Verify_Empty_Cart_Heading_Test')
data.setCell(9, 2, 'ecom.testcases.CartPageTest')
data.setCell(9, 3, 115);
data.setCell(10, 0, 10)
data.setCell(10, 1, 'Verify_Home_Page_Image_Test')
data.setCell(10, 2, 'ecom.testcases.HomePageTest')
data.setCell(10, 3, 105);
data.setCell(11, 0, 11)
data.setCell(11, 1, 'Verify_Navigation_Menu_Test')
data.setCell(11, 2, 'ecom.testcases.ProductDetailsPageTest')
data.setCell(11, 3, 100);
data.setCell(12, 0, 12)
data.setCell(12, 1, 'Verify_Page_Logo_Test')
data.setCell(12, 2, 'ecom.testcases.ProductDetailsPageTest')
data.setCell(12, 3, 92);
data.setCell(13, 0, 13)
data.setCell(13, 1, 'Verify_Searchbox_Test')
data.setCell(13, 2, 'ecom.testcases.AddtoCartPageTest')
data.setCell(13, 3, 91);
data.setCell(14, 0, 14)
data.setCell(14, 1, 'Verify_Home_Page_Logo_Test')
data.setCell(14, 2, 'ecom.testcases.HomePageTest')
data.setCell(14, 3, 88);
data.setCell(15, 0, 15)
data.setCell(15, 1, 'Verify_Searchbox_Test')
data.setCell(15, 2, 'ecom.testcases.ProductDetailsPageTest')
data.setCell(15, 3, 87);
data.setCell(16, 0, 16)
data.setCell(16, 1, 'Verify_Footer_Section_Test')
data.setCell(16, 2, 'ecom.testcases.HomePageTest')
data.setCell(16, 3, 82);
data.setCell(17, 0, 17)
data.setCell(17, 1, 'Verify_Logo_Test')
data.setCell(17, 2, 'ecom.testcases.SearchPageTest')
data.setCell(17, 3, 79);
data.setCell(18, 0, 18)
data.setCell(18, 1, 'Verify_Cart_Test')
data.setCell(18, 2, 'ecom.testcases.ProductDetailsPageTest')
data.setCell(18, 3, 71);
data.setCell(19, 0, 19)
data.setCell(19, 1, 'Verify_Navigation_Menu_Test')
data.setCell(19, 2, 'ecom.testcases.HomePageTest')
data.setCell(19, 3, 67);
data.setCell(20, 0, 20)
data.setCell(20, 1, 'Verify_Page_Logo_Test')
data.setCell(20, 2, 'ecom.testcases.AddtoCartPageTest')
data.setCell(20, 3, 67);
data.setCell(21, 0, 21)
data.setCell(21, 1, 'Verify_Cart_Test')
data.setCell(21, 2, 'ecom.testcases.HomePageTest')
data.setCell(21, 3, 67);
data.setCell(22, 0, 22)
data.setCell(22, 1, 'Verify_Navigation_Menu_Test')
data.setCell(22, 2, 'ecom.testcases.AddtoCartPageTest')
data.setCell(22, 3, 59);
data.setCell(23, 0, 23)
data.setCell(23, 1, 'Verify_Search_box_Test')
data.setCell(23, 2, 'ecom.testcases.HomePageTest')
data.setCell(23, 3, 57);
data.setCell(24, 0, 24)
data.setCell(24, 1, 'Verify_Page_Home_Page_Title_Test')
data.setCell(24, 2, 'ecom.testcases.HomePageTest')
data.setCell(24, 3, 33);
data.setCell(25, 0, 25)
data.setCell(25, 1, 'Verify_Page_Title_Test')
data.setCell(25, 2, 'ecom.testcases.AddtoCartPageTest')
data.setCell(25, 3, 19);
data.setCell(26, 0, 26)
data.setCell(26, 1, 'Check_Check_Out_Page_Title_Test')
data.setCell(26, 2, 'ecom.testcases.CheckOutPageTest')
data.setCell(26, 3, 19);
data.setCell(27, 0, 27)
data.setCell(27, 1, 'Verify_Page_Title_Test')
data.setCell(27, 2, 'ecom.testcases.ProductDetailsPageTest')
data.setCell(27, 3, 18);
data.setCell(28, 0, 28)
data.setCell(28, 1, 'Verify_Page_Title_Test')
data.setCell(28, 2, 'ecom.testcases.SearchPageTest')
data.setCell(28, 3, 17);
data.setCell(29, 0, 29)
data.setCell(29, 1, 'Verify_Invali_Search_Functionality_Test')
data.setCell(29, 2, 'ecom.testcases.SearchPageTest')
data.setCell(29, 3, 0);
data.setCell(30, 0, 30)
data.setCell(30, 1, 'Verify_Product_On_Search_Page_Test')
data.setCell(30, 2, 'ecom.testcases.SearchPageTest')
data.setCell(30, 3, 0);
data.setCell(31, 0, 31)
data.setCell(31, 1, 'Click_on_Checkout_button_Test')
data.setCell(31, 2, 'ecom.testcases.AddtoCartPageTest')
data.setCell(31, 3, 0);
data.setCell(32, 0, 32)
data.setCell(32, 1, 'Verify_Cart_Decrease_Qty_Test')
data.setCell(32, 2, 'ecom.testcases.AddtoCartPageTest')
data.setCell(32, 3, 0);
data.setCell(33, 0, 33)
data.setCell(33, 1, 'Verify_Cart_Qty_Increase_Test')
data.setCell(33, 2, 'ecom.testcases.AddtoCartPageTest')
data.setCell(33, 3, 0);
window.suiteTableData['Add_To_Cart_Items']= { tableData: data, tableDiv: 'times-div-Add_To_Cart_Items'}
return data;
}
              </script>
              <span class="suite-total-time">Total running time: 1 minutes</span>
              <div id="times-div-Add_To_Cart_Items">
              </div> <!-- times-div-Add_To_Cart_Items -->
            </div> <!-- times-div -->
          </div> <!-- main-panel-content rounded-window-bottom -->
        </div> <!-- panel -->
        <div panel-name="reporter-Add_To_Cart_Items" class="panel">
          <div class="main-panel-header rounded-window-top">
            <span class="header-content">Reporter output for Add To Cart Items</span>
          </div> <!-- main-panel-header rounded-window-top -->
          <div class="main-panel-content rounded-window-bottom">
          </div> <!-- main-panel-content rounded-window-bottom -->
        </div> <!-- panel -->
        <div panel-name="ignored-methods-Add_To_Cart_Items" class="panel">
          <div class="main-panel-header rounded-window-top">
            <span class="header-content">0 ignored methods</span>
          </div> <!-- main-panel-header rounded-window-top -->
          <div class="main-panel-content rounded-window-bottom">
          </div> <!-- main-panel-content rounded-window-bottom -->
        </div> <!-- panel -->
        <div panel-name="chronological-Add_To_Cart_Items" class="panel">
          <div class="main-panel-header rounded-window-top">
            <span class="header-content">Methods in chronological order</span>
          </div> <!-- main-panel-header rounded-window-top -->
          <div class="main-panel-content rounded-window-bottom">
            <div class="chronological-class">
              <div class="chronological-class-name">ecom.testcases.HomePageTest</div> <!-- chronological-class-name -->
              <div class="configuration-method before">
                <span class="method-name">setup</span>
                <span class="method-start">0 ms</span>
              </div> <!-- configuration-method before -->
              <div class="test-method">
                <span class="method-name">Verify_Page_Home_Page_Title_Test</span>
                <span class="method-start">10760 ms</span>
              </div> <!-- test-method -->
              <div class="configuration-method after">
                <span class="method-name">Terminate</span>
                <span class="method-start">10798 ms</span>
              </div> <!-- configuration-method after -->
              <div class="configuration-method before">
                <span class="method-name">setup</span>
                <span class="method-start">11371 ms</span>
              </div> <!-- configuration-method before -->
              <div class="test-method">
                <span class="method-name">Verify_Home_Page_Logo_Test</span>
                <span class="method-start">19040 ms</span>
              </div> <!-- test-method -->
              <div class="configuration-method after">
                <span class="method-name">Terminate</span>
                <span class="method-start">19131 ms</span>
              </div> <!-- configuration-method after -->
              <div class="configuration-method before">
                <span class="method-name">setup</span>
                <span class="method-start">19655 ms</span>
              </div> <!-- configuration-method before -->
              <div class="test-method">
                <span class="method-name">Verify_Search_box_Test</span>
                <span class="method-start">26901 ms</span>
              </div> <!-- test-method -->
              <div class="configuration-method after">
                <span class="method-name">Terminate</span>
                <span class="method-start">26962 ms</span>
              </div> <!-- configuration-method after -->
              <div class="configuration-method before">
                <span class="method-name">setup</span>
                <span class="method-start">27479 ms</span>
              </div> <!-- configuration-method before -->
              <div class="test-method">
                <span class="method-name">Verify_Cart_Test</span>
                <span class="method-start">33903 ms</span>
              </div> <!-- test-method -->
              <div class="configuration-method after">
                <span class="method-name">Terminate</span>
                <span class="method-start">33973 ms</span>
              </div> <!-- configuration-method after -->
              <div class="configuration-method before">
                <span class="method-name">setup</span>
                <span class="method-start">34478 ms</span>
              </div> <!-- configuration-method before -->
              <div class="test-method">
                <span class="method-name">Verify_Navigation_Menu_Test</span>
                <span class="method-start">42529 ms</span>
              </div> <!-- test-method -->
              <div class="configuration-method after">
                <span class="method-name">Terminate</span>
                <span class="method-start">42598 ms</span>
              </div> <!-- configuration-method after -->
              <div class="configuration-method before">
                <span class="method-name">setup</span>
                <span class="method-start">43116 ms</span>
              </div> <!-- configuration-method before -->
              <div class="test-method">
                <span class="method-name">Verify_Home_Page_Image_Test</span>
                <span class="method-start">49904 ms</span>
              </div> <!-- test-method -->
              <div class="configuration-method after">
                <span class="method-name">Terminate</span>
                <span class="method-start">50010 ms</span>
              </div> <!-- configuration-method after -->
              <div class="configuration-method before">
                <span class="method-name">setup</span>
                <span class="method-start">50577 ms</span>
              </div> <!-- configuration-method before -->
              <div class="test-method">
                <span class="method-name">Validate_Search_Functionality</span>
                <span class="method-start">90645 ms</span>
              </div> <!-- test-method -->
              <div class="configuration-method after">
                <span class="method-name">Terminate</span>
                <span class="method-start">116875 ms</span>
              </div> <!-- configuration-method after -->
              <div class="configuration-method before">
                <span class="method-name">setup</span>
                <span class="method-start">117928 ms</span>
              </div> <!-- configuration-method before -->
              <div class="test-method">
                <span class="method-name">Verify_Product</span>
                <span class="method-start">144228 ms</span>
              </div> <!-- test-method -->
              <div class="configuration-method after">
                <span class="method-name">Terminate</span>
                <span class="method-start">163647 ms</span>
              </div> <!-- configuration-method after -->
              <div class="configuration-method before">
                <span class="method-name">setup</span>
                <span class="method-start">164395 ms</span>
              </div> <!-- configuration-method before -->
              <div class="test-method">
                <span class="method-name">Verify_Footer_Section_Test</span>
                <span class="method-start">181819 ms</span>
              </div> <!-- test-method -->
              <div class="configuration-method after">
                <span class="method-name">Terminate</span>
                <span class="method-start">181902 ms</span>
              </div> <!-- configuration-method after -->
            </div> <!-- chronological-class -->
            <div class="chronological-class">
              <div class="chronological-class-name">ecom.testcases.ProductDetailsPageTest</div> <!-- chronological-class-name -->
              <div class="configuration-method before">
                <span class="method-name">setup</span>
                <span class="method-start">182489 ms</span>
              </div> <!-- configuration-method before -->
              <div class="test-method">
                <span class="method-name">Verify_Page_Title_Test</span>
                <span class="method-start">196885 ms</span>
              </div> <!-- test-method -->
              <div class="configuration-method after">
                <span class="method-name">Terminate</span>
                <span class="method-start">196904 ms</span>
              </div> <!-- configuration-method after -->
              <div class="configuration-method before">
                <span class="method-name">setup</span>
                <span class="method-start">197466 ms</span>
              </div> <!-- configuration-method before -->
              <div class="test-method">
                <span class="method-name">Verify_Page_Logo_Test</span>
                <span class="method-start">239267 ms</span>
              </div> <!-- test-method -->
              <div class="configuration-method after">
                <span class="method-name">Terminate</span>
                <span class="method-start">239361 ms</span>
              </div> <!-- configuration-method after -->
              <div class="configuration-method before">
                <span class="method-name">setup</span>
                <span class="method-start">239931 ms</span>
              </div> <!-- configuration-method before -->
              <div class="test-method">
                <span class="method-name">Verify_Searchbox_Test</span>
                <span class="method-start">263583 ms</span>
              </div> <!-- test-method -->
              <div class="configuration-method after">
                <span class="method-name">Terminate</span>
                <span class="method-start">263672 ms</span>
              </div> <!-- configuration-method after -->
              <div class="configuration-method before">
                <span class="method-name">setup</span>
                <span class="method-start">264271 ms</span>
              </div> <!-- configuration-method before -->
              <div class="test-method">
                <span class="method-name">Verify_Cart_Test</span>
                <span class="method-start">279367 ms</span>
              </div> <!-- test-method -->
              <div class="configuration-method after">
                <span class="method-name">Terminate</span>
                <span class="method-start">279440 ms</span>
              </div> <!-- configuration-method after -->
              <div class="configuration-method before">
                <span class="method-name">setup</span>
                <span class="method-start">280147 ms</span>
              </div> <!-- configuration-method before -->
              <div class="test-method">
                <span class="method-name">Verify_Navigation_Menu_Test</span>
                <span class="method-start">295458 ms</span>
              </div> <!-- test-method -->
              <div class="configuration-method after">
                <span class="method-name">Terminate</span>
                <span class="method-start">295560 ms</span>
              </div> <!-- configuration-method after -->
              <div class="configuration-method before">
                <span class="method-name">setup</span>
                <span class="method-start">296160 ms</span>
              </div> <!-- configuration-method before -->
              <div class="test-method">
                <span class="method-name">Verify_Add_to_Cart_Functionality_Test</span>
                <span class="method-start">309919 ms</span>
              </div> <!-- test-method -->
              <div class="configuration-method after">
                <span class="method-name">Terminate</span>
                <span class="method-start">313829 ms</span>
              </div> <!-- configuration-method after -->
            </div> <!-- chronological-class -->
            <div class="chronological-class">
              <div class="chronological-class-name">ecom.testcases.AddtoCartPageTest</div> <!-- chronological-class-name -->
              <div class="configuration-method before">
                <span class="method-name">setup</span>
                <span class="method-start">314520 ms</span>
              </div> <!-- configuration-method before -->
              <div class="test-method">
                <span class="method-name">Verify_Page_Title_Test</span>
                <span class="method-start">331339 ms</span>
              </div> <!-- test-method -->
              <div class="configuration-method after">
                <span class="method-name">Terminate</span>
                <span class="method-start">331360 ms</span>
              </div> <!-- configuration-method after -->
              <div class="configuration-method before">
                <span class="method-name">setup</span>
                <span class="method-start">332051 ms</span>
              </div> <!-- configuration-method before -->
              <div class="test-method">
                <span class="method-name">Verify_Page_Logo_Test</span>
                <span class="method-start">354810 ms</span>
              </div> <!-- test-method -->
              <div class="configuration-method after">
                <span class="method-name">Terminate</span>
                <span class="method-start">354879 ms</span>
              </div> <!-- configuration-method after -->
              <div class="configuration-method before">
                <span class="method-name">setup</span>
                <span class="method-start">355443 ms</span>
              </div> <!-- configuration-method before -->
              <div class="test-method">
                <span class="method-name">Verify_Searchbox_Test</span>
                <span class="method-start">370479 ms</span>
              </div> <!-- test-method -->
              <div class="configuration-method after">
                <span class="method-name">Terminate</span>
                <span class="method-start">370571 ms</span>
              </div> <!-- configuration-method after -->
              <div class="configuration-method before">
                <span class="method-name">setup</span>
                <span class="method-start">371363 ms</span>
              </div> <!-- configuration-method before -->
              <div class="test-method">
                <span class="method-name">Verify_CartPage_Text_Test</span>
                <span class="method-start">409532 ms</span>
              </div> <!-- test-method -->
              <div class="configuration-method after">
                <span class="method-name">Terminate</span>
                <span class="method-start">409706 ms</span>
              </div> <!-- configuration-method after -->
              <div class="configuration-method before">
                <span class="method-name">setup</span>
                <span class="method-start">410442 ms</span>
              </div> <!-- configuration-method before -->
              <div class="test-method">
                <span class="method-name">Verify_Navigation_Menu_Test</span>
                <span class="method-start">425285 ms</span>
              </div> <!-- test-method -->
              <div class="configuration-method after">
                <span class="method-name">Terminate</span>
                <span class="method-start">425346 ms</span>
              </div> <!-- configuration-method after -->
              <div class="configuration-method before">
                <img src="failed.png">
                </img>
                <span class="method-name">setup</span>
                <span class="method-start">425947 ms</span>
              </div> <!-- configuration-method before -->
              <div class="test-method">
                <span class="method-name">Verify_Cart_Qty_Increase_Test</span>
                <span class="method-start">614358 ms</span>
              </div> <!-- test-method -->
              <div class="configuration-method after">
                <span class="method-name">Terminate</span>
                <span class="method-start">614368 ms</span>
              </div> <!-- configuration-method after -->
              <div class="configuration-method before">
                <span class="method-name">setup</span>
                <span class="method-start">614370 ms</span>
              </div> <!-- configuration-method before -->
              <div class="test-method">
                <span class="method-name">Verify_Cart_Decrease_Qty_Test</span>
                <span class="method-start">614372 ms</span>
              </div> <!-- test-method -->
              <div class="configuration-method after">
                <span class="method-name">Terminate</span>
                <span class="method-start">614382 ms</span>
              </div> <!-- configuration-method after -->
              <div class="configuration-method before">
                <span class="method-name">setup</span>
                <span class="method-start">614384 ms</span>
              </div> <!-- configuration-method before -->
              <div class="test-method">
                <span class="method-name">Click_on_Checkout_button_Test</span>
                <span class="method-start">614385 ms</span>
              </div> <!-- test-method -->
              <div class="configuration-method after">
                <span class="method-name">Terminate</span>
                <span class="method-start">614395 ms</span>
              </div> <!-- configuration-method after -->
            </div> <!-- chronological-class -->
            <div class="chronological-class">
              <div class="chronological-class-name">ecom.testcases.CartPageTest</div> <!-- chronological-class-name -->
              <div class="configuration-method before">
                <span class="method-name">setup</span>
                <span class="method-start">614397 ms</span>
              </div> <!-- configuration-method before -->
              <div class="test-method">
                <span class="method-name">Verify_Empty_Cart_Heading_Test</span>
                <span class="method-start">641603 ms</span>
              </div> <!-- test-method -->
              <div class="configuration-method after">
                <span class="method-name">terminate</span>
                <span class="method-start">641719 ms</span>
              </div> <!-- configuration-method after -->
              <div class="configuration-method before">
                <span class="method-name">setup</span>
                <span class="method-start">642314 ms</span>
              </div> <!-- configuration-method before -->
              <div class="test-method">
                <span class="method-name">Verify_Empty_Cart_Items_Test</span>
                <span class="method-start">657866 ms</span>
              </div> <!-- test-method -->
              <div class="configuration-method after">
                <span class="method-name">terminate</span>
                <span class="method-start">659901 ms</span>
              </div> <!-- configuration-method after -->
            </div> <!-- chronological-class -->
            <div class="chronological-class">
              <div class="chronological-class-name">ecom.testcases.CheckOutPageTest</div> <!-- chronological-class-name -->
              <div class="configuration-method before">
                <span class="method-name">setup</span>
                <span class="method-start">660611 ms</span>
              </div> <!-- configuration-method before -->
              <div class="test-method">
                <span class="method-name">Check_Check_Out_Page_Title_Test</span>
                <span class="method-start">697176 ms</span>
              </div> <!-- test-method -->
              <div class="configuration-method after">
                <span class="method-name">Terminate</span>
                <span class="method-start">697197 ms</span>
              </div> <!-- configuration-method after -->
              <div class="configuration-method before">
                <span class="method-name">setup</span>
                <span class="method-start">697803 ms</span>
              </div> <!-- configuration-method before -->
              <div class="test-method">
                <span class="method-name">CheckOutRequiredFieldValidationTest</span>
                <span class="method-start">714038 ms</span>
              </div> <!-- test-method -->
              <div class="configuration-method after">
                <span class="method-name">Terminate</span>
                <span class="method-start">726778 ms</span>
              </div> <!-- configuration-method after -->
              <div class="configuration-method before">
                <span class="method-name">setup</span>
                <span class="method-start">727640 ms</span>
              </div> <!-- configuration-method before -->
              <div class="test-method">
                <span class="method-name">VerifyCheckOutFunctionalitywithNagativeValueTest(bhaumik, Bhaumik, Gohel, Gota VasantNagar, Ahmedabad, 1.0, 1.0)</span>
                <span class="method-start">740736 ms</span>
              </div> <!-- test-method -->
              <div class="configuration-method after">
                <span class="method-name">Terminate</span>
                <span class="method-start">754603 ms</span>
              </div> <!-- configuration-method after -->
              <div class="configuration-method before">
                <span class="method-name">setup</span>
                <span class="method-start">755247 ms</span>
              </div> <!-- configuration-method before -->
              <div class="test-method">
                <img src="failed.png">
                </img>
                <span class="method-name">VerifyCheckOutFunctionalitywithNagativeValueTest(Kartik, Kartik, Arya, Aryan Appartment, Bhavnagar, 1.0, 1.0)</span>
                <span class="method-start">776926 ms</span>
              </div> <!-- test-method -->
              <div class="configuration-method after">
                <span class="method-name">Terminate</span>
                <span class="method-start">790421 ms</span>
              </div> <!-- configuration-method after -->
              <div class="configuration-method before">
                <span class="method-name">setup</span>
                <span class="method-start">791280 ms</span>
              </div> <!-- configuration-method before -->
              <div class="test-method">
                <span class="method-name">VerifyCheckOutFunctionalitywithNagativeValueTest(Nikunj, Nikunj, Trivedi, Trivedi, Rajkot, 0.0, 5.0)</span>
                <span class="method-start">803036 ms</span>
              </div> <!-- test-method -->
              <div class="configuration-method after">
                <span class="method-name">Terminate</span>
                <span class="method-start">816304 ms</span>
              </div> <!-- configuration-method after -->
            </div> <!-- chronological-class -->
            <div class="chronological-class">
              <div class="chronological-class-name">ecom.testcases.SearchPageTest</div> <!-- chronological-class-name -->
              <div class="configuration-method before">
                <span class="method-name">setup</span>
                <span class="method-start">817029 ms</span>
              </div> <!-- configuration-method before -->
              <div class="test-method">
                <span class="method-name">Verify_Page_Title_Test</span>
                <span class="method-start">826292 ms</span>
              </div> <!-- test-method -->
              <div class="configuration-method after">
                <span class="method-name">Terminate</span>
                <span class="method-start">826311 ms</span>
              </div> <!-- configuration-method after -->
              <div class="configuration-method before">
                <span class="method-name">setup</span>
                <span class="method-start">826896 ms</span>
              </div> <!-- configuration-method before -->
              <div class="test-method">
                <span class="method-name">Verify_Logo_Test</span>
                <span class="method-start">835012 ms</span>
              </div> <!-- test-method -->
              <div class="configuration-method after">
                <span class="method-name">Terminate</span>
                <span class="method-start">835093 ms</span>
              </div> <!-- configuration-method after -->
              <div class="configuration-method before">
                <img src="failed.png">
                </img>
                <span class="method-name">setup</span>
                <span class="method-start">835690 ms</span>
              </div> <!-- configuration-method before -->
              <div class="test-method">
                <span class="method-name">Verify_Product_On_Search_Page_Test</span>
                <span class="method-start">986449 ms</span>
              </div> <!-- test-method -->
              <div class="configuration-method after">
                <span class="method-name">Terminate</span>
                <span class="method-start">986460 ms</span>
              </div> <!-- configuration-method after -->
              <div class="configuration-method before">
                <span class="method-name">setup</span>
                <span class="method-start">986463 ms</span>
              </div> <!-- configuration-method before -->
              <div class="test-method">
                <span class="method-name">Verify_Invali_Search_Functionality_Test</span>
                <span class="method-start">986464 ms</span>
              </div> <!-- test-method -->
              <div class="configuration-method after">
                <span class="method-name">Terminate</span>
                <span class="method-start">986471 ms</span>
              </div> <!-- configuration-method after -->
          </div> <!-- main-panel-content rounded-window-bottom -->
        </div> <!-- panel -->
      </div> <!-- main-panel-root -->
    </div> <!-- wrapper -->
  </body>
<script type="text/javascript" src="testng-reports2.js"></script>
</html>
